{"/Users/leaperchermeier/Sites/figma-hub/packages/db-icon-exporter/ui/src/App-old-backup.tsx": {"path":"/Users/leaperchermeier/Sites/figma-hub/packages/db-icon-exporter/ui/src/App-old-backup.tsx","all":true,"statementMap":{"0":{"start":{"line":1,"column":0},"end":{"line":1,"column":10}},"1":{"start":{"line":2,"column":0},"end":{"line":2,"column":44}},"8":{"start":{"line":9,"column":0},"end":{"line":9,"column":38}},"9":{"start":{"line":10,"column":0},"end":{"line":10,"column":64}},"19":{"start":{"line":20,"column":0},"end":{"line":20,"column":78}},"63":{"start":{"line":64,"column":0},"end":{"line":64,"column":22}},"64":{"start":{"line":65,"column":0},"end":{"line":65,"column":39}},"65":{"start":{"line":66,"column":0},"end":{"line":66,"column":37}},"66":{"start":{"line":67,"column":0},"end":{"line":67,"column":47}},"67":{"start":{"line":68,"column":0},"end":{"line":68,"column":39}},"68":{"start":{"line":69,"column":0},"end":{"line":69,"column":41}},"69":{"start":{"line":70,"column":0},"end":{"line":70,"column":51}},"70":{"start":{"line":71,"column":0},"end":{"line":71,"column":2}},"80":{"start":{"line":81,"column":0},"end":{"line":81,"column":19}},"82":{"start":{"line":83,"column":0},"end":{"line":83,"column":54}},"83":{"start":{"line":84,"column":0},"end":{"line":84,"column":55}},"84":{"start":{"line":85,"column":0},"end":{"line":85,"column":67}},"85":{"start":{"line":86,"column":0},"end":{"line":86,"column":51}},"86":{"start":{"line":87,"column":0},"end":{"line":87,"column":73}},"87":{"start":{"line":88,"column":0},"end":{"line":88,"column":77}},"88":{"start":{"line":89,"column":0},"end":{"line":89,"column":65}},"89":{"start":{"line":90,"column":0},"end":{"line":90,"column":51}},"90":{"start":{"line":91,"column":0},"end":{"line":91,"column":80}},"91":{"start":{"line":92,"column":0},"end":{"line":92,"column":47}},"92":{"start":{"line":93,"column":0},"end":{"line":93,"column":45}},"93":{"start":{"line":94,"column":0},"end":{"line":94,"column":48}},"99":{"start":{"line":100,"column":0},"end":{"line":100,"column":6}},"100":{"start":{"line":101,"column":0},"end":{"line":101,"column":15}},"101":{"start":{"line":102,"column":0},"end":{"line":102,"column":27}},"102":{"start":{"line":103,"column":0},"end":{"line":103,"column":22}},"103":{"start":{"line":104,"column":0},"end":{"line":104,"column":21}},"104":{"start":{"line":105,"column":0},"end":{"line":105,"column":17}},"105":{"start":{"line":106,"column":0},"end":{"line":106,"column":5}},"110":{"start":{"line":111,"column":0},"end":{"line":111,"column":19}},"111":{"start":{"line":112,"column":0},"end":{"line":112,"column":52}},"113":{"start":{"line":114,"column":0},"end":{"line":114,"column":52}},"114":{"start":{"line":115,"column":0},"end":{"line":115,"column":43}},"116":{"start":{"line":117,"column":0},"end":{"line":117,"column":17}},"117":{"start":{"line":118,"column":0},"end":{"line":118,"column":60}},"118":{"start":{"line":119,"column":0},"end":{"line":119,"column":15}},"119":{"start":{"line":120,"column":0},"end":{"line":120,"column":7}},"121":{"start":{"line":122,"column":0},"end":{"line":122,"column":39}},"122":{"start":{"line":123,"column":0},"end":{"line":123,"column":20}},"123":{"start":{"line":124,"column":0},"end":{"line":124,"column":98}},"124":{"start":{"line":125,"column":0},"end":{"line":125,"column":10}},"126":{"start":{"line":127,"column":0},"end":{"line":127,"column":28}},"127":{"start":{"line":128,"column":0},"end":{"line":128,"column":34}},"128":{"start":{"line":129,"column":0},"end":{"line":129,"column":28}},"131":{"start":{"line":132,"column":0},"end":{"line":132,"column":54}},"132":{"start":{"line":133,"column":0},"end":{"line":133,"column":48}},"133":{"start":{"line":134,"column":0},"end":{"line":134,"column":26}},"134":{"start":{"line":135,"column":0},"end":{"line":135,"column":26}},"135":{"start":{"line":136,"column":0},"end":{"line":136,"column":54}},"136":{"start":{"line":137,"column":0},"end":{"line":137,"column":12}},"137":{"start":{"line":138,"column":0},"end":{"line":138,"column":11}},"139":{"start":{"line":140,"column":0},"end":{"line":140,"column":67}},"140":{"start":{"line":141,"column":0},"end":{"line":141,"column":47}},"141":{"start":{"line":142,"column":0},"end":{"line":142,"column":10}},"143":{"start":{"line":144,"column":0},"end":{"line":144,"column":75}},"144":{"start":{"line":145,"column":0},"end":{"line":145,"column":36}},"145":{"start":{"line":146,"column":0},"end":{"line":146,"column":59}},"146":{"start":{"line":147,"column":0},"end":{"line":147,"column":20}},"147":{"start":{"line":148,"column":0},"end":{"line":148,"column":76}},"148":{"start":{"line":149,"column":0},"end":{"line":149,"column":10}},"151":{"start":{"line":152,"column":0},"end":{"line":152,"column":56}},"152":{"start":{"line":153,"column":0},"end":{"line":153,"column":48}},"153":{"start":{"line":154,"column":0},"end":{"line":154,"column":71}},"156":{"start":{"line":157,"column":0},"end":{"line":157,"column":28}},"157":{"start":{"line":158,"column":0},"end":{"line":158,"column":68}},"158":{"start":{"line":159,"column":0},"end":{"line":159,"column":33}},"160":{"start":{"line":161,"column":0},"end":{"line":161,"column":22}},"161":{"start":{"line":162,"column":0},"end":{"line":162,"column":86}},"162":{"start":{"line":163,"column":0},"end":{"line":163,"column":12}},"164":{"start":{"line":165,"column":0},"end":{"line":165,"column":56}},"165":{"start":{"line":166,"column":0},"end":{"line":166,"column":42}},"166":{"start":{"line":167,"column":0},"end":{"line":167,"column":11}},"167":{"start":{"line":168,"column":0},"end":{"line":168,"column":11}},"169":{"start":{"line":170,"column":0},"end":{"line":170,"column":57}},"170":{"start":{"line":171,"column":0},"end":{"line":171,"column":30}},"171":{"start":{"line":172,"column":0},"end":{"line":172,"column":26}},"172":{"start":{"line":173,"column":0},"end":{"line":173,"column":15}},"173":{"start":{"line":174,"column":0},"end":{"line":174,"column":44}},"174":{"start":{"line":175,"column":0},"end":{"line":175,"column":12}},"176":{"start":{"line":177,"column":0},"end":{"line":177,"column":40}},"177":{"start":{"line":178,"column":0},"end":{"line":178,"column":68}},"178":{"start":{"line":179,"column":0},"end":{"line":179,"column":40}},"179":{"start":{"line":180,"column":0},"end":{"line":180,"column":69}},"180":{"start":{"line":181,"column":0},"end":{"line":181,"column":28}},"181":{"start":{"line":182,"column":0},"end":{"line":182,"column":47}},"182":{"start":{"line":183,"column":0},"end":{"line":183,"column":63}},"183":{"start":{"line":184,"column":0},"end":{"line":184,"column":27}},"184":{"start":{"line":185,"column":0},"end":{"line":185,"column":52}},"185":{"start":{"line":186,"column":0},"end":{"line":186,"column":76}},"186":{"start":{"line":187,"column":0},"end":{"line":187,"column":53}},"187":{"start":{"line":188,"column":0},"end":{"line":188,"column":20}},"188":{"start":{"line":189,"column":0},"end":{"line":189,"column":97}},"189":{"start":{"line":190,"column":0},"end":{"line":190,"column":10}},"190":{"start":{"line":191,"column":0},"end":{"line":191,"column":20}},"191":{"start":{"line":192,"column":0},"end":{"line":192,"column":87}},"192":{"start":{"line":193,"column":0},"end":{"line":193,"column":10}},"193":{"start":{"line":194,"column":0},"end":{"line":194,"column":20}},"194":{"start":{"line":195,"column":0},"end":{"line":195,"column":70}},"195":{"start":{"line":196,"column":0},"end":{"line":196,"column":10}},"197":{"start":{"line":198,"column":0},"end":{"line":198,"column":23}},"198":{"start":{"line":199,"column":0},"end":{"line":199,"column":25}},"199":{"start":{"line":200,"column":0},"end":{"line":200,"column":53}},"200":{"start":{"line":201,"column":0},"end":{"line":201,"column":43}},"201":{"start":{"line":202,"column":0},"end":{"line":202,"column":41}},"202":{"start":{"line":203,"column":0},"end":{"line":203,"column":33}},"203":{"start":{"line":204,"column":0},"end":{"line":204,"column":11}},"206":{"start":{"line":207,"column":0},"end":{"line":207,"column":60}},"207":{"start":{"line":208,"column":0},"end":{"line":208,"column":35}},"208":{"start":{"line":209,"column":0},"end":{"line":209,"column":69}},"209":{"start":{"line":210,"column":0},"end":{"line":210,"column":7}},"210":{"start":{"line":211,"column":0},"end":{"line":211,"column":6}},"212":{"start":{"line":213,"column":0},"end":{"line":213,"column":54}},"213":{"start":{"line":214,"column":0},"end":{"line":214,"column":59}},"216":{"start":{"line":217,"column":0},"end":{"line":217,"column":69}},"217":{"start":{"line":218,"column":0},"end":{"line":218,"column":49}},"219":{"start":{"line":220,"column":0},"end":{"line":220,"column":18}},"220":{"start":{"line":221,"column":0},"end":{"line":221,"column":59}},"221":{"start":{"line":222,"column":0},"end":{"line":222,"column":59}},"222":{"start":{"line":223,"column":0},"end":{"line":223,"column":6}},"223":{"start":{"line":224,"column":0},"end":{"line":224,"column":9}},"230":{"start":{"line":231,"column":0},"end":{"line":231,"column":56}},"233":{"start":{"line":234,"column":0},"end":{"line":234,"column":63}},"236":{"start":{"line":237,"column":0},"end":{"line":237,"column":45}},"238":{"start":{"line":239,"column":0},"end":{"line":239,"column":20}},"239":{"start":{"line":240,"column":0},"end":{"line":240,"column":4}},"242":{"start":{"line":243,"column":0},"end":{"line":243,"column":63}},"243":{"start":{"line":244,"column":0},"end":{"line":244,"column":46}},"244":{"start":{"line":245,"column":0},"end":{"line":245,"column":12}},"245":{"start":{"line":246,"column":0},"end":{"line":246,"column":63}},"246":{"start":{"line":247,"column":0},"end":{"line":247,"column":27}},"248":{"start":{"line":249,"column":0},"end":{"line":249,"column":4}},"251":{"start":{"line":252,"column":0},"end":{"line":252,"column":55}},"252":{"start":{"line":253,"column":0},"end":{"line":253,"column":48}},"254":{"start":{"line":255,"column":0},"end":{"line":255,"column":29}},"256":{"start":{"line":257,"column":0},"end":{"line":257,"column":44}},"257":{"start":{"line":258,"column":0},"end":{"line":258,"column":15}},"258":{"start":{"line":259,"column":0},"end":{"line":259,"column":7}},"260":{"start":{"line":261,"column":0},"end":{"line":261,"column":48}},"261":{"start":{"line":262,"column":0},"end":{"line":262,"column":31}},"262":{"start":{"line":263,"column":0},"end":{"line":263,"column":30}},"263":{"start":{"line":264,"column":0},"end":{"line":264,"column":7}},"264":{"start":{"line":265,"column":0},"end":{"line":265,"column":36}},"265":{"start":{"line":266,"column":0},"end":{"line":266,"column":7}},"267":{"start":{"line":268,"column":0},"end":{"line":268,"column":16}},"268":{"start":{"line":269,"column":0},"end":{"line":269,"column":4}},"270":{"start":{"line":271,"column":0},"end":{"line":271,"column":33}},"273":{"start":{"line":274,"column":0},"end":{"line":274,"column":59}},"274":{"start":{"line":275,"column":0},"end":{"line":275,"column":80}},"275":{"start":{"line":276,"column":0},"end":{"line":276,"column":4}},"278":{"start":{"line":279,"column":0},"end":{"line":279,"column":48}},"281":{"start":{"line":282,"column":0},"end":{"line":282,"column":8}},"282":{"start":{"line":283,"column":0},"end":{"line":283,"column":52}},"284":{"start":{"line":285,"column":0},"end":{"line":285,"column":42}},"285":{"start":{"line":286,"column":0},"end":{"line":286,"column":47}},"286":{"start":{"line":287,"column":0},"end":{"line":287,"column":55}},"287":{"start":{"line":288,"column":0},"end":{"line":288,"column":18}},"288":{"start":{"line":289,"column":0},"end":{"line":289,"column":58}},"289":{"start":{"line":290,"column":0},"end":{"line":290,"column":65}},"291":{"start":{"line":292,"column":0},"end":{"line":292,"column":10}},"292":{"start":{"line":293,"column":0},"end":{"line":293,"column":17}},"294":{"start":{"line":295,"column":0},"end":{"line":295,"column":66}},"296":{"start":{"line":297,"column":0},"end":{"line":297,"column":48}},"297":{"start":{"line":298,"column":0},"end":{"line":298,"column":41}},"298":{"start":{"line":299,"column":0},"end":{"line":299,"column":38}},"299":{"start":{"line":300,"column":0},"end":{"line":300,"column":37}},"300":{"start":{"line":301,"column":0},"end":{"line":301,"column":7}},"301":{"start":{"line":302,"column":0},"end":{"line":302,"column":55}},"302":{"start":{"line":303,"column":0},"end":{"line":303,"column":7}},"305":{"start":{"line":306,"column":0},"end":{"line":306,"column":34}},"306":{"start":{"line":307,"column":0},"end":{"line":307,"column":52}},"307":{"start":{"line":308,"column":0},"end":{"line":308,"column":7}},"309":{"start":{"line":310,"column":0},"end":{"line":310,"column":22}},"310":{"start":{"line":311,"column":0},"end":{"line":311,"column":4}},"312":{"start":{"line":313,"column":0},"end":{"line":313,"column":61}},"313":{"start":{"line":314,"column":0},"end":{"line":314,"column":75}},"314":{"start":{"line":315,"column":0},"end":{"line":315,"column":37}},"315":{"start":{"line":316,"column":0},"end":{"line":316,"column":6}},"316":{"start":{"line":317,"column":0},"end":{"line":317,"column":4}},"323":{"start":{"line":324,"column":0},"end":{"line":324,"column":30}},"324":{"start":{"line":325,"column":0},"end":{"line":325,"column":54}},"325":{"start":{"line":326,"column":0},"end":{"line":326,"column":29}},"326":{"start":{"line":327,"column":0},"end":{"line":327,"column":4}},"329":{"start":{"line":330,"column":0},"end":{"line":330,"column":66}},"330":{"start":{"line":331,"column":0},"end":{"line":331,"column":16}},"331":{"start":{"line":332,"column":0},"end":{"line":332,"column":79}},"332":{"start":{"line":333,"column":0},"end":{"line":333,"column":6}},"334":{"start":{"line":335,"column":0},"end":{"line":335,"column":32}},"335":{"start":{"line":336,"column":0},"end":{"line":336,"column":35}},"336":{"start":{"line":337,"column":0},"end":{"line":337,"column":57}},"337":{"start":{"line":338,"column":0},"end":{"line":338,"column":8}},"339":{"start":{"line":340,"column":0},"end":{"line":340,"column":23}},"340":{"start":{"line":341,"column":0},"end":{"line":341,"column":41}},"341":{"start":{"line":342,"column":0},"end":{"line":342,"column":59}},"342":{"start":{"line":343,"column":0},"end":{"line":343,"column":10}},"343":{"start":{"line":344,"column":0},"end":{"line":344,"column":79}},"346":{"start":{"line":347,"column":0},"end":{"line":347,"column":38}},"347":{"start":{"line":348,"column":0},"end":{"line":348,"column":51}},"348":{"start":{"line":349,"column":0},"end":{"line":349,"column":57}},"349":{"start":{"line":350,"column":0},"end":{"line":350,"column":12}},"350":{"start":{"line":351,"column":0},"end":{"line":351,"column":76}},"351":{"start":{"line":352,"column":0},"end":{"line":352,"column":16}},"352":{"start":{"line":353,"column":0},"end":{"line":353,"column":37}},"353":{"start":{"line":354,"column":0},"end":{"line":354,"column":9}},"355":{"start":{"line":356,"column":0},"end":{"line":356,"column":28}},"356":{"start":{"line":357,"column":0},"end":{"line":357,"column":14}},"357":{"start":{"line":358,"column":0},"end":{"line":358,"column":44}},"358":{"start":{"line":359,"column":0},"end":{"line":359,"column":30}},"359":{"start":{"line":360,"column":0},"end":{"line":360,"column":18}},"360":{"start":{"line":361,"column":0},"end":{"line":361,"column":74}},"361":{"start":{"line":362,"column":0},"end":{"line":362,"column":10}},"362":{"start":{"line":363,"column":0},"end":{"line":363,"column":20}},"363":{"start":{"line":364,"column":0},"end":{"line":364,"column":72}},"364":{"start":{"line":365,"column":0},"end":{"line":365,"column":10}},"367":{"start":{"line":368,"column":0},"end":{"line":368,"column":49}},"368":{"start":{"line":369,"column":0},"end":{"line":369,"column":55}},"369":{"start":{"line":370,"column":0},"end":{"line":370,"column":10}},"370":{"start":{"line":371,"column":0},"end":{"line":371,"column":74}},"372":{"start":{"line":373,"column":0},"end":{"line":373,"column":28}},"373":{"start":{"line":374,"column":0},"end":{"line":374,"column":7}},"374":{"start":{"line":375,"column":0},"end":{"line":375,"column":7}},"375":{"start":{"line":376,"column":0},"end":{"line":376,"column":4}},"378":{"start":{"line":379,"column":0},"end":{"line":379,"column":73}},"379":{"start":{"line":380,"column":0},"end":{"line":380,"column":16}},"380":{"start":{"line":381,"column":0},"end":{"line":381,"column":70}},"381":{"start":{"line":382,"column":0},"end":{"line":382,"column":6}},"383":{"start":{"line":384,"column":0},"end":{"line":384,"column":32}},"384":{"start":{"line":385,"column":0},"end":{"line":385,"column":38}},"385":{"start":{"line":386,"column":0},"end":{"line":386,"column":55}},"386":{"start":{"line":387,"column":0},"end":{"line":387,"column":8}},"389":{"start":{"line":390,"column":0},"end":{"line":390,"column":42}},"390":{"start":{"line":391,"column":0},"end":{"line":391,"column":48}},"391":{"start":{"line":392,"column":0},"end":{"line":392,"column":8}},"392":{"start":{"line":393,"column":0},"end":{"line":393,"column":26}},"393":{"start":{"line":394,"column":0},"end":{"line":394,"column":46}},"394":{"start":{"line":395,"column":0},"end":{"line":395,"column":14}},"395":{"start":{"line":396,"column":0},"end":{"line":396,"column":87}},"396":{"start":{"line":397,"column":0},"end":{"line":397,"column":7}},"398":{"start":{"line":399,"column":0},"end":{"line":399,"column":21}},"399":{"start":{"line":400,"column":0},"end":{"line":400,"column":7}},"400":{"start":{"line":401,"column":0},"end":{"line":401,"column":4}},"403":{"start":{"line":404,"column":0},"end":{"line":404,"column":60}},"404":{"start":{"line":405,"column":0},"end":{"line":405,"column":16}},"405":{"start":{"line":406,"column":0},"end":{"line":406,"column":84}},"406":{"start":{"line":407,"column":0},"end":{"line":407,"column":6}},"408":{"start":{"line":409,"column":0},"end":{"line":409,"column":31}},"409":{"start":{"line":410,"column":0},"end":{"line":410,"column":70}},"410":{"start":{"line":411,"column":0},"end":{"line":411,"column":4}},"413":{"start":{"line":414,"column":0},"end":{"line":414,"column":52}},"414":{"start":{"line":415,"column":0},"end":{"line":415,"column":65}},"416":{"start":{"line":417,"column":0},"end":{"line":417,"column":67}},"417":{"start":{"line":418,"column":0},"end":{"line":418,"column":57}},"418":{"start":{"line":419,"column":0},"end":{"line":419,"column":6}},"420":{"start":{"line":421,"column":0},"end":{"line":421,"column":73}},"422":{"start":{"line":423,"column":0},"end":{"line":423,"column":29}},"423":{"start":{"line":424,"column":0},"end":{"line":424,"column":77}},"425":{"start":{"line":426,"column":0},"end":{"line":426,"column":32}},"426":{"start":{"line":427,"column":0},"end":{"line":427,"column":63}},"427":{"start":{"line":428,"column":0},"end":{"line":428,"column":8}},"429":{"start":{"line":430,"column":0},"end":{"line":430,"column":78}},"430":{"start":{"line":431,"column":0},"end":{"line":431,"column":12}},"431":{"start":{"line":432,"column":0},"end":{"line":432,"column":70}},"433":{"start":{"line":434,"column":0},"end":{"line":434,"column":63}},"435":{"start":{"line":436,"column":0},"end":{"line":436,"column":54}},"436":{"start":{"line":437,"column":0},"end":{"line":437,"column":53}},"437":{"start":{"line":438,"column":0},"end":{"line":438,"column":59}},"438":{"start":{"line":439,"column":0},"end":{"line":439,"column":10}},"440":{"start":{"line":441,"column":0},"end":{"line":441,"column":33}},"441":{"start":{"line":442,"column":0},"end":{"line":442,"column":38}},"442":{"start":{"line":443,"column":0},"end":{"line":443,"column":20}},"443":{"start":{"line":444,"column":0},"end":{"line":444,"column":13}},"444":{"start":{"line":445,"column":0},"end":{"line":445,"column":29}},"445":{"start":{"line":446,"column":0},"end":{"line":446,"column":48}},"446":{"start":{"line":447,"column":0},"end":{"line":447,"column":14}},"447":{"start":{"line":448,"column":0},"end":{"line":448,"column":13}},"448":{"start":{"line":449,"column":0},"end":{"line":449,"column":9}},"449":{"start":{"line":450,"column":0},"end":{"line":450,"column":9}},"450":{"start":{"line":451,"column":0},"end":{"line":451,"column":5}},"451":{"start":{"line":452,"column":0},"end":{"line":452,"column":4}},"454":{"start":{"line":455,"column":0},"end":{"line":455,"column":38}},"455":{"start":{"line":456,"column":0},"end":{"line":456,"column":62}},"456":{"start":{"line":457,"column":0},"end":{"line":457,"column":23}},"457":{"start":{"line":458,"column":0},"end":{"line":458,"column":61}},"458":{"start":{"line":459,"column":0},"end":{"line":459,"column":10}},"459":{"start":{"line":460,"column":0},"end":{"line":460,"column":6}},"460":{"start":{"line":461,"column":0},"end":{"line":461,"column":4}},"463":{"start":{"line":464,"column":0},"end":{"line":464,"column":35}},"464":{"start":{"line":465,"column":0},"end":{"line":465,"column":71}},"466":{"start":{"line":467,"column":0},"end":{"line":467,"column":71}},"467":{"start":{"line":468,"column":0},"end":{"line":468,"column":24}},"468":{"start":{"line":469,"column":0},"end":{"line":469,"column":23}},"469":{"start":{"line":470,"column":0},"end":{"line":470,"column":42}},"470":{"start":{"line":471,"column":0},"end":{"line":471,"column":9}},"471":{"start":{"line":472,"column":0},"end":{"line":472,"column":6}},"473":{"start":{"line":474,"column":0},"end":{"line":474,"column":30}},"475":{"start":{"line":476,"column":0},"end":{"line":476,"column":59}},"476":{"start":{"line":477,"column":0},"end":{"line":477,"column":44}},"477":{"start":{"line":478,"column":0},"end":{"line":478,"column":75}},"478":{"start":{"line":479,"column":0},"end":{"line":479,"column":4}},"481":{"start":{"line":482,"column":0},"end":{"line":482,"column":32}},"482":{"start":{"line":483,"column":0},"end":{"line":483,"column":50}},"483":{"start":{"line":484,"column":0},"end":{"line":484,"column":25}},"484":{"start":{"line":485,"column":0},"end":{"line":485,"column":30}},"485":{"start":{"line":486,"column":0},"end":{"line":486,"column":4}},"488":{"start":{"line":489,"column":0},"end":{"line":489,"column":34}},"489":{"start":{"line":490,"column":0},"end":{"line":490,"column":55}},"491":{"start":{"line":492,"column":0},"end":{"line":492,"column":37}},"492":{"start":{"line":493,"column":0},"end":{"line":493,"column":48}},"493":{"start":{"line":494,"column":0},"end":{"line":494,"column":13}},"494":{"start":{"line":495,"column":0},"end":{"line":495,"column":5}},"496":{"start":{"line":497,"column":0},"end":{"line":497,"column":55}},"499":{"start":{"line":500,"column":0},"end":{"line":500,"column":74}},"501":{"start":{"line":502,"column":0},"end":{"line":502,"column":16}},"502":{"start":{"line":503,"column":0},"end":{"line":503,"column":76}},"503":{"start":{"line":504,"column":0},"end":{"line":504,"column":6}},"504":{"start":{"line":505,"column":0},"end":{"line":505,"column":16}},"505":{"start":{"line":506,"column":0},"end":{"line":506,"column":98}},"506":{"start":{"line":507,"column":0},"end":{"line":507,"column":6}},"509":{"start":{"line":510,"column":0},"end":{"line":510,"column":69}},"510":{"start":{"line":511,"column":0},"end":{"line":511,"column":61}},"511":{"start":{"line":512,"column":0},"end":{"line":512,"column":49}},"512":{"start":{"line":513,"column":0},"end":{"line":513,"column":37}},"513":{"start":{"line":514,"column":0},"end":{"line":514,"column":7}},"515":{"start":{"line":516,"column":0},"end":{"line":516,"column":16}},"516":{"start":{"line":517,"column":0},"end":{"line":517,"column":70}},"517":{"start":{"line":518,"column":0},"end":{"line":518,"column":6}},"519":{"start":{"line":520,"column":0},"end":{"line":520,"column":23}},"520":{"start":{"line":521,"column":0},"end":{"line":521,"column":7}},"521":{"start":{"line":522,"column":0},"end":{"line":522,"column":24}},"522":{"start":{"line":523,"column":0},"end":{"line":523,"column":30}},"523":{"start":{"line":524,"column":0},"end":{"line":524,"column":43}},"524":{"start":{"line":525,"column":0},"end":{"line":525,"column":53}},"525":{"start":{"line":526,"column":0},"end":{"line":526,"column":41}},"526":{"start":{"line":527,"column":0},"end":{"line":527,"column":37}},"527":{"start":{"line":528,"column":0},"end":{"line":528,"column":10}},"528":{"start":{"line":529,"column":0},"end":{"line":529,"column":8}},"529":{"start":{"line":530,"column":0},"end":{"line":530,"column":10}},"530":{"start":{"line":531,"column":0},"end":{"line":531,"column":6}},"531":{"start":{"line":532,"column":0},"end":{"line":532,"column":4}},"534":{"start":{"line":535,"column":0},"end":{"line":535,"column":38}},"535":{"start":{"line":536,"column":0},"end":{"line":536,"column":60}},"537":{"start":{"line":538,"column":0},"end":{"line":538,"column":37}},"538":{"start":{"line":539,"column":0},"end":{"line":539,"column":48}},"539":{"start":{"line":540,"column":0},"end":{"line":540,"column":13}},"540":{"start":{"line":541,"column":0},"end":{"line":541,"column":5}},"542":{"start":{"line":543,"column":0},"end":{"line":543,"column":55}},"545":{"start":{"line":546,"column":0},"end":{"line":546,"column":74}},"547":{"start":{"line":548,"column":0},"end":{"line":548,"column":16}},"548":{"start":{"line":549,"column":0},"end":{"line":549,"column":76}},"549":{"start":{"line":550,"column":0},"end":{"line":550,"column":6}},"550":{"start":{"line":551,"column":0},"end":{"line":551,"column":16}},"551":{"start":{"line":552,"column":0},"end":{"line":552,"column":98}},"552":{"start":{"line":553,"column":0},"end":{"line":553,"column":6}},"555":{"start":{"line":556,"column":0},"end":{"line":556,"column":69}},"557":{"start":{"line":558,"column":0},"end":{"line":558,"column":16}},"558":{"start":{"line":559,"column":0},"end":{"line":559,"column":75}},"559":{"start":{"line":560,"column":0},"end":{"line":560,"column":6}},"561":{"start":{"line":562,"column":0},"end":{"line":562,"column":23}},"562":{"start":{"line":563,"column":0},"end":{"line":563,"column":7}},"563":{"start":{"line":564,"column":0},"end":{"line":564,"column":24}},"564":{"start":{"line":565,"column":0},"end":{"line":565,"column":35}},"565":{"start":{"line":566,"column":0},"end":{"line":566,"column":43}},"566":{"start":{"line":567,"column":0},"end":{"line":567,"column":53}},"567":{"start":{"line":568,"column":0},"end":{"line":568,"column":41}},"568":{"start":{"line":569,"column":0},"end":{"line":569,"column":10}},"569":{"start":{"line":570,"column":0},"end":{"line":570,"column":8}},"570":{"start":{"line":571,"column":0},"end":{"line":571,"column":10}},"571":{"start":{"line":572,"column":0},"end":{"line":572,"column":6}},"572":{"start":{"line":573,"column":0},"end":{"line":573,"column":4}},"575":{"start":{"line":576,"column":0},"end":{"line":576,"column":43}},"576":{"start":{"line":577,"column":0},"end":{"line":577,"column":65}},"578":{"start":{"line":579,"column":0},"end":{"line":579,"column":37}},"579":{"start":{"line":580,"column":0},"end":{"line":580,"column":48}},"580":{"start":{"line":581,"column":0},"end":{"line":581,"column":13}},"581":{"start":{"line":582,"column":0},"end":{"line":582,"column":5}},"583":{"start":{"line":584,"column":0},"end":{"line":584,"column":55}},"585":{"start":{"line":586,"column":0},"end":{"line":586,"column":22}},"586":{"start":{"line":587,"column":0},"end":{"line":587,"column":68}},"587":{"start":{"line":588,"column":0},"end":{"line":588,"column":13}},"588":{"start":{"line":589,"column":0},"end":{"line":589,"column":5}},"590":{"start":{"line":591,"column":0},"end":{"line":591,"column":48}},"593":{"start":{"line":594,"column":0},"end":{"line":594,"column":69}},"594":{"start":{"line":595,"column":0},"end":{"line":595,"column":61}},"595":{"start":{"line":596,"column":0},"end":{"line":596,"column":49}},"596":{"start":{"line":597,"column":0},"end":{"line":597,"column":37}},"597":{"start":{"line":598,"column":0},"end":{"line":598,"column":7}},"599":{"start":{"line":600,"column":0},"end":{"line":600,"column":16}},"600":{"start":{"line":601,"column":0},"end":{"line":601,"column":80}},"601":{"start":{"line":602,"column":0},"end":{"line":602,"column":6}},"603":{"start":{"line":604,"column":0},"end":{"line":604,"column":23}},"604":{"start":{"line":605,"column":0},"end":{"line":605,"column":7}},"605":{"start":{"line":606,"column":0},"end":{"line":606,"column":24}},"606":{"start":{"line":607,"column":0},"end":{"line":607,"column":40}},"607":{"start":{"line":608,"column":0},"end":{"line":608,"column":43}},"608":{"start":{"line":609,"column":0},"end":{"line":609,"column":33}},"609":{"start":{"line":610,"column":0},"end":{"line":610,"column":37}},"610":{"start":{"line":611,"column":0},"end":{"line":611,"column":10}},"611":{"start":{"line":612,"column":0},"end":{"line":612,"column":8}},"612":{"start":{"line":613,"column":0},"end":{"line":613,"column":10}},"613":{"start":{"line":614,"column":0},"end":{"line":614,"column":6}},"615":{"start":{"line":616,"column":0},"end":{"line":616,"column":69}},"616":{"start":{"line":617,"column":0},"end":{"line":617,"column":4}},"622":{"start":{"line":623,"column":0},"end":{"line":623,"column":14}},"623":{"start":{"line":624,"column":0},"end":{"line":624,"column":41}},"624":{"start":{"line":625,"column":0},"end":{"line":625,"column":18}},"625":{"start":{"line":626,"column":0},"end":{"line":626,"column":23}},"626":{"start":{"line":627,"column":0},"end":{"line":627,"column":20}},"627":{"start":{"line":628,"column":0},"end":{"line":628,"column":4}},"629":{"start":{"line":630,"column":0},"end":{"line":630,"column":18}},"630":{"start":{"line":631,"column":0},"end":{"line":631,"column":12}},"631":{"start":{"line":632,"column":0},"end":{"line":632,"column":57}},"632":{"start":{"line":633,"column":0},"end":{"line":633,"column":35}},"634":{"start":{"line":635,"column":0},"end":{"line":635,"column":12}},"635":{"start":{"line":636,"column":0},"end":{"line":636,"column":12}},"637":{"start":{"line":638,"column":0},"end":{"line":638,"column":3}},"640":{"start":{"line":641,"column":0},"end":{"line":641,"column":35}},"641":{"start":{"line":642,"column":0},"end":{"line":642,"column":27}},"642":{"start":{"line":643,"column":0},"end":{"line":643,"column":14}},"643":{"start":{"line":644,"column":0},"end":{"line":644,"column":29}},"644":{"start":{"line":645,"column":0},"end":{"line":645,"column":64}},"645":{"start":{"line":646,"column":0},"end":{"line":646,"column":14}},"647":{"start":{"line":648,"column":0},"end":{"line":648,"column":5}},"649":{"start":{"line":650,"column":0},"end":{"line":650,"column":12}},"650":{"start":{"line":651,"column":0},"end":{"line":651,"column":55}},"652":{"start":{"line":653,"column":0},"end":{"line":653,"column":71}},"653":{"start":{"line":654,"column":0},"end":{"line":654,"column":66}},"654":{"start":{"line":655,"column":0},"end":{"line":655,"column":21}},"655":{"start":{"line":656,"column":0},"end":{"line":656,"column":31}},"656":{"start":{"line":657,"column":0},"end":{"line":657,"column":22}},"657":{"start":{"line":658,"column":0},"end":{"line":658,"column":20}},"658":{"start":{"line":659,"column":0},"end":{"line":659,"column":29}},"659":{"start":{"line":660,"column":0},"end":{"line":660,"column":36}},"660":{"start":{"line":661,"column":0},"end":{"line":661,"column":13}},"662":{"start":{"line":663,"column":0},"end":{"line":663,"column":23}},"663":{"start":{"line":664,"column":0},"end":{"line":664,"column":46}},"664":{"start":{"line":665,"column":0},"end":{"line":665,"column":77}},"665":{"start":{"line":666,"column":0},"end":{"line":666,"column":17}},"666":{"start":{"line":667,"column":0},"end":{"line":667,"column":16}},"667":{"start":{"line":668,"column":0},"end":{"line":668,"column":17}},"670":{"start":{"line":671,"column":0},"end":{"line":671,"column":82}},"672":{"start":{"line":673,"column":0},"end":{"line":673,"column":73}},"673":{"start":{"line":674,"column":0},"end":{"line":674,"column":76}},"674":{"start":{"line":675,"column":0},"end":{"line":675,"column":66}},"675":{"start":{"line":676,"column":0},"end":{"line":676,"column":62}},"677":{"start":{"line":678,"column":0},"end":{"line":678,"column":20}},"678":{"start":{"line":679,"column":0},"end":{"line":679,"column":69}},"680":{"start":{"line":681,"column":0},"end":{"line":681,"column":72}},"683":{"start":{"line":684,"column":0},"end":{"line":684,"column":61}},"685":{"start":{"line":686,"column":0},"end":{"line":686,"column":23}},"686":{"start":{"line":687,"column":0},"end":{"line":687,"column":81}},"687":{"start":{"line":688,"column":0},"end":{"line":688,"column":68}},"688":{"start":{"line":689,"column":0},"end":{"line":689,"column":31}},"689":{"start":{"line":690,"column":0},"end":{"line":690,"column":36}},"690":{"start":{"line":691,"column":0},"end":{"line":691,"column":32}},"691":{"start":{"line":692,"column":0},"end":{"line":692,"column":35}},"692":{"start":{"line":693,"column":0},"end":{"line":693,"column":40}},"693":{"start":{"line":694,"column":0},"end":{"line":694,"column":38}},"694":{"start":{"line":695,"column":0},"end":{"line":695,"column":54}},"695":{"start":{"line":696,"column":0},"end":{"line":696,"column":44}},"696":{"start":{"line":697,"column":0},"end":{"line":697,"column":56}},"697":{"start":{"line":698,"column":0},"end":{"line":698,"column":27}},"699":{"start":{"line":700,"column":0},"end":{"line":700,"column":23}},"701":{"start":{"line":702,"column":0},"end":{"line":702,"column":33}},"702":{"start":{"line":703,"column":0},"end":{"line":703,"column":26}},"703":{"start":{"line":704,"column":0},"end":{"line":704,"column":31}},"704":{"start":{"line":705,"column":0},"end":{"line":705,"column":57}},"705":{"start":{"line":706,"column":0},"end":{"line":706,"column":39}},"706":{"start":{"line":707,"column":0},"end":{"line":707,"column":45}},"707":{"start":{"line":708,"column":0},"end":{"line":708,"column":30}},"708":{"start":{"line":709,"column":0},"end":{"line":709,"column":34}},"709":{"start":{"line":710,"column":0},"end":{"line":710,"column":24}},"712":{"start":{"line":713,"column":0},"end":{"line":713,"column":23}},"713":{"start":{"line":714,"column":0},"end":{"line":714,"column":81}},"714":{"start":{"line":715,"column":0},"end":{"line":715,"column":64}},"715":{"start":{"line":716,"column":0},"end":{"line":716,"column":31}},"716":{"start":{"line":717,"column":0},"end":{"line":717,"column":36}},"717":{"start":{"line":718,"column":0},"end":{"line":718,"column":32}},"718":{"start":{"line":719,"column":0},"end":{"line":719,"column":35}},"719":{"start":{"line":720,"column":0},"end":{"line":720,"column":40}},"720":{"start":{"line":721,"column":0},"end":{"line":721,"column":38}},"721":{"start":{"line":722,"column":0},"end":{"line":722,"column":54}},"722":{"start":{"line":723,"column":0},"end":{"line":723,"column":39}},"723":{"start":{"line":724,"column":0},"end":{"line":724,"column":51}},"724":{"start":{"line":725,"column":0},"end":{"line":725,"column":27}},"726":{"start":{"line":727,"column":0},"end":{"line":727,"column":23}},"728":{"start":{"line":729,"column":0},"end":{"line":729,"column":33}},"729":{"start":{"line":730,"column":0},"end":{"line":730,"column":26}},"730":{"start":{"line":731,"column":0},"end":{"line":731,"column":31}},"731":{"start":{"line":732,"column":0},"end":{"line":732,"column":52}},"732":{"start":{"line":733,"column":0},"end":{"line":733,"column":39}},"733":{"start":{"line":734,"column":0},"end":{"line":734,"column":40}},"734":{"start":{"line":735,"column":0},"end":{"line":735,"column":30}},"735":{"start":{"line":736,"column":0},"end":{"line":736,"column":34}},"736":{"start":{"line":737,"column":0},"end":{"line":737,"column":24}},"737":{"start":{"line":738,"column":0},"end":{"line":738,"column":22}},"740":{"start":{"line":741,"column":0},"end":{"line":741,"column":49}},"741":{"start":{"line":742,"column":0},"end":{"line":742,"column":20}},"743":{"start":{"line":744,"column":0},"end":{"line":744,"column":13}},"746":{"start":{"line":747,"column":0},"end":{"line":747,"column":32}},"747":{"start":{"line":748,"column":0},"end":{"line":748,"column":73}},"748":{"start":{"line":749,"column":0},"end":{"line":749,"column":59}},"750":{"start":{"line":751,"column":0},"end":{"line":751,"column":23}},"751":{"start":{"line":752,"column":0},"end":{"line":752,"column":28}},"752":{"start":{"line":753,"column":0},"end":{"line":753,"column":32}},"753":{"start":{"line":754,"column":0},"end":{"line":754,"column":24}},"754":{"start":{"line":755,"column":0},"end":{"line":755,"column":27}},"755":{"start":{"line":756,"column":0},"end":{"line":756,"column":30}},"756":{"start":{"line":757,"column":0},"end":{"line":757,"column":46}},"757":{"start":{"line":758,"column":0},"end":{"line":758,"column":44}},"758":{"start":{"line":759,"column":0},"end":{"line":759,"column":43}},"759":{"start":{"line":760,"column":0},"end":{"line":760,"column":19}},"761":{"start":{"line":762,"column":0},"end":{"line":762,"column":15}},"763":{"start":{"line":764,"column":0},"end":{"line":764,"column":25}},"764":{"start":{"line":765,"column":0},"end":{"line":765,"column":18}},"765":{"start":{"line":766,"column":0},"end":{"line":766,"column":23}},"766":{"start":{"line":767,"column":0},"end":{"line":767,"column":42}},"767":{"start":{"line":768,"column":0},"end":{"line":768,"column":31}},"768":{"start":{"line":769,"column":0},"end":{"line":769,"column":45}},"769":{"start":{"line":770,"column":0},"end":{"line":770,"column":22}},"770":{"start":{"line":771,"column":0},"end":{"line":771,"column":26}},"771":{"start":{"line":772,"column":0},"end":{"line":772,"column":16}},"772":{"start":{"line":773,"column":0},"end":{"line":773,"column":14}},"773":{"start":{"line":774,"column":0},"end":{"line":774,"column":12}},"775":{"start":{"line":776,"column":0},"end":{"line":776,"column":3}},"778":{"start":{"line":779,"column":0},"end":{"line":779,"column":10}},"779":{"start":{"line":780,"column":0},"end":{"line":780,"column":87}},"781":{"start":{"line":782,"column":0},"end":{"line":782,"column":85}},"782":{"start":{"line":783,"column":0},"end":{"line":783,"column":42}},"783":{"start":{"line":784,"column":0},"end":{"line":784,"column":56}},"784":{"start":{"line":785,"column":0},"end":{"line":785,"column":13}},"786":{"start":{"line":787,"column":0},"end":{"line":787,"column":51}},"787":{"start":{"line":788,"column":0},"end":{"line":788,"column":18}},"788":{"start":{"line":789,"column":0},"end":{"line":789,"column":38}},"789":{"start":{"line":790,"column":0},"end":{"line":790,"column":36}},"790":{"start":{"line":791,"column":0},"end":{"line":791,"column":33}},"791":{"start":{"line":792,"column":0},"end":{"line":792,"column":34}},"792":{"start":{"line":793,"column":0},"end":{"line":793,"column":47}},"793":{"start":{"line":794,"column":0},"end":{"line":794,"column":14}},"794":{"start":{"line":795,"column":0},"end":{"line":795,"column":28}},"795":{"start":{"line":796,"column":0},"end":{"line":796,"column":12}},"796":{"start":{"line":797,"column":0},"end":{"line":797,"column":18}},"797":{"start":{"line":798,"column":0},"end":{"line":798,"column":32}},"798":{"start":{"line":799,"column":0},"end":{"line":799,"column":26}},"799":{"start":{"line":800,"column":0},"end":{"line":800,"column":30}},"800":{"start":{"line":801,"column":0},"end":{"line":801,"column":34}},"801":{"start":{"line":802,"column":0},"end":{"line":802,"column":44}},"802":{"start":{"line":803,"column":0},"end":{"line":803,"column":14}},"803":{"start":{"line":804,"column":0},"end":{"line":804,"column":30}},"804":{"start":{"line":805,"column":0},"end":{"line":805,"column":12}},"805":{"start":{"line":806,"column":0},"end":{"line":806,"column":14}},"807":{"start":{"line":808,"column":0},"end":{"line":808,"column":41}},"808":{"start":{"line":809,"column":0},"end":{"line":809,"column":53}},"809":{"start":{"line":810,"column":0},"end":{"line":810,"column":19}},"810":{"start":{"line":811,"column":0},"end":{"line":811,"column":71}},"811":{"start":{"line":812,"column":0},"end":{"line":812,"column":20}},"812":{"start":{"line":813,"column":0},"end":{"line":813,"column":42}},"813":{"start":{"line":814,"column":0},"end":{"line":814,"column":14}},"814":{"start":{"line":815,"column":0},"end":{"line":815,"column":21}},"815":{"start":{"line":816,"column":0},"end":{"line":816,"column":71}},"816":{"start":{"line":817,"column":0},"end":{"line":817,"column":22}},"817":{"start":{"line":818,"column":0},"end":{"line":818,"column":21}},"818":{"start":{"line":819,"column":0},"end":{"line":819,"column":55}},"820":{"start":{"line":821,"column":0},"end":{"line":821,"column":25}},"821":{"start":{"line":822,"column":0},"end":{"line":822,"column":22}},"822":{"start":{"line":823,"column":0},"end":{"line":823,"column":21}},"823":{"start":{"line":824,"column":0},"end":{"line":824,"column":73}},"824":{"start":{"line":825,"column":0},"end":{"line":825,"column":22}},"825":{"start":{"line":826,"column":0},"end":{"line":826,"column":15}},"827":{"start":{"line":828,"column":0},"end":{"line":828,"column":14}},"828":{"start":{"line":829,"column":0},"end":{"line":829,"column":21}},"829":{"start":{"line":830,"column":0},"end":{"line":830,"column":52}},"830":{"start":{"line":831,"column":0},"end":{"line":831,"column":60}},"831":{"start":{"line":832,"column":0},"end":{"line":832,"column":25}},"832":{"start":{"line":833,"column":0},"end":{"line":833,"column":22}},"833":{"start":{"line":834,"column":0},"end":{"line":834,"column":21}},"834":{"start":{"line":835,"column":0},"end":{"line":835,"column":55}},"836":{"start":{"line":837,"column":0},"end":{"line":837,"column":25}},"837":{"start":{"line":838,"column":0},"end":{"line":838,"column":22}},"838":{"start":{"line":839,"column":0},"end":{"line":839,"column":15}},"840":{"start":{"line":841,"column":0},"end":{"line":841,"column":14}},"841":{"start":{"line":842,"column":0},"end":{"line":842,"column":15}},"844":{"start":{"line":845,"column":0},"end":{"line":845,"column":67}},"845":{"start":{"line":846,"column":0},"end":{"line":846,"column":17}},"847":{"start":{"line":848,"column":0},"end":{"line":848,"column":41}},"848":{"start":{"line":849,"column":0},"end":{"line":849,"column":58}},"849":{"start":{"line":850,"column":0},"end":{"line":850,"column":52}},"850":{"start":{"line":851,"column":0},"end":{"line":851,"column":42}},"851":{"start":{"line":852,"column":0},"end":{"line":852,"column":56}},"853":{"start":{"line":854,"column":0},"end":{"line":854,"column":24}},"854":{"start":{"line":855,"column":0},"end":{"line":855,"column":38}},"856":{"start":{"line":857,"column":0},"end":{"line":857,"column":76}},"857":{"start":{"line":858,"column":0},"end":{"line":858,"column":28}},"858":{"start":{"line":859,"column":0},"end":{"line":859,"column":41}},"859":{"start":{"line":860,"column":0},"end":{"line":860,"column":48}},"860":{"start":{"line":861,"column":0},"end":{"line":861,"column":46}},"862":{"start":{"line":863,"column":0},"end":{"line":863,"column":30}},"863":{"start":{"line":864,"column":0},"end":{"line":864,"column":79}},"865":{"start":{"line":866,"column":0},"end":{"line":866,"column":32}},"866":{"start":{"line":867,"column":0},"end":{"line":867,"column":76}},"867":{"start":{"line":868,"column":0},"end":{"line":868,"column":43}},"868":{"start":{"line":869,"column":0},"end":{"line":869,"column":56}},"869":{"start":{"line":870,"column":0},"end":{"line":870,"column":69}},"870":{"start":{"line":871,"column":0},"end":{"line":871,"column":28}},"871":{"start":{"line":872,"column":0},"end":{"line":872,"column":69}},"872":{"start":{"line":873,"column":0},"end":{"line":873,"column":32}},"873":{"start":{"line":874,"column":0},"end":{"line":874,"column":30}},"874":{"start":{"line":875,"column":0},"end":{"line":875,"column":26}},"877":{"start":{"line":878,"column":0},"end":{"line":878,"column":73}},"878":{"start":{"line":879,"column":0},"end":{"line":879,"column":55}},"879":{"start":{"line":880,"column":0},"end":{"line":880,"column":70}},"880":{"start":{"line":881,"column":0},"end":{"line":881,"column":82}},"882":{"start":{"line":883,"column":0},"end":{"line":883,"column":32}},"883":{"start":{"line":884,"column":0},"end":{"line":884,"column":32}},"884":{"start":{"line":885,"column":0},"end":{"line":885,"column":41}},"885":{"start":{"line":886,"column":0},"end":{"line":886,"column":50}},"886":{"start":{"line":887,"column":0},"end":{"line":887,"column":45}},"888":{"start":{"line":889,"column":0},"end":{"line":889,"column":34}},"889":{"start":{"line":890,"column":0},"end":{"line":890,"column":50}},"890":{"start":{"line":891,"column":0},"end":{"line":891,"column":63}},"891":{"start":{"line":892,"column":0},"end":{"line":892,"column":59}},"892":{"start":{"line":893,"column":0},"end":{"line":893,"column":33}},"894":{"start":{"line":895,"column":0},"end":{"line":895,"column":36}},"895":{"start":{"line":896,"column":0},"end":{"line":896,"column":47}},"896":{"start":{"line":897,"column":0},"end":{"line":897,"column":47}},"897":{"start":{"line":898,"column":0},"end":{"line":898,"column":52}},"898":{"start":{"line":899,"column":0},"end":{"line":899,"column":78}},"899":{"start":{"line":900,"column":0},"end":{"line":900,"column":32}},"900":{"start":{"line":901,"column":0},"end":{"line":901,"column":39}},"901":{"start":{"line":902,"column":0},"end":{"line":902,"column":36}},"902":{"start":{"line":903,"column":0},"end":{"line":903,"column":34}},"904":{"start":{"line":905,"column":0},"end":{"line":905,"column":25}},"905":{"start":{"line":906,"column":0},"end":{"line":906,"column":26}},"908":{"start":{"line":909,"column":0},"end":{"line":909,"column":69}},"909":{"start":{"line":910,"column":0},"end":{"line":910,"column":80}},"911":{"start":{"line":912,"column":0},"end":{"line":912,"column":24}},"913":{"start":{"line":914,"column":0},"end":{"line":914,"column":16}},"914":{"start":{"line":915,"column":0},"end":{"line":915,"column":14}},"916":{"start":{"line":917,"column":0},"end":{"line":917,"column":41}},"917":{"start":{"line":918,"column":0},"end":{"line":918,"column":68}},"919":{"start":{"line":920,"column":0},"end":{"line":920,"column":18}},"921":{"start":{"line":922,"column":0},"end":{"line":922,"column":16}},"924":{"start":{"line":925,"column":0},"end":{"line":925,"column":40}},"925":{"start":{"line":926,"column":0},"end":{"line":926,"column":74}},"926":{"start":{"line":927,"column":0},"end":{"line":927,"column":43}},"927":{"start":{"line":928,"column":0},"end":{"line":928,"column":57}},"928":{"start":{"line":929,"column":0},"end":{"line":929,"column":53}},"929":{"start":{"line":930,"column":0},"end":{"line":930,"column":19}},"932":{"start":{"line":933,"column":0},"end":{"line":933,"column":67}},"933":{"start":{"line":934,"column":0},"end":{"line":934,"column":69}},"935":{"start":{"line":936,"column":0},"end":{"line":936,"column":20}},"936":{"start":{"line":937,"column":0},"end":{"line":937,"column":68}},"938":{"start":{"line":939,"column":0},"end":{"line":939,"column":21}},"939":{"start":{"line":940,"column":0},"end":{"line":940,"column":29}},"940":{"start":{"line":941,"column":0},"end":{"line":941,"column":28}},"941":{"start":{"line":942,"column":0},"end":{"line":942,"column":33}},"942":{"start":{"line":943,"column":0},"end":{"line":943,"column":29}},"943":{"start":{"line":944,"column":0},"end":{"line":944,"column":30}},"944":{"start":{"line":945,"column":0},"end":{"line":945,"column":35}},"945":{"start":{"line":946,"column":0},"end":{"line":946,"column":42}},"946":{"start":{"line":947,"column":0},"end":{"line":947,"column":32}},"947":{"start":{"line":948,"column":0},"end":{"line":948,"column":74}},"948":{"start":{"line":949,"column":0},"end":{"line":949,"column":57}},"949":{"start":{"line":950,"column":0},"end":{"line":950,"column":30}},"950":{"start":{"line":951,"column":0},"end":{"line":951,"column":38}},"951":{"start":{"line":952,"column":0},"end":{"line":952,"column":50}},"952":{"start":{"line":953,"column":0},"end":{"line":953,"column":48}},"953":{"start":{"line":954,"column":0},"end":{"line":954,"column":35}},"954":{"start":{"line":955,"column":0},"end":{"line":955,"column":57}},"955":{"start":{"line":956,"column":0},"end":{"line":956,"column":65}},"956":{"start":{"line":957,"column":0},"end":{"line":957,"column":26}},"957":{"start":{"line":958,"column":0},"end":{"line":958,"column":71}},"958":{"start":{"line":959,"column":0},"end":{"line":959,"column":30}},"959":{"start":{"line":960,"column":0},"end":{"line":960,"column":28}},"960":{"start":{"line":961,"column":0},"end":{"line":961,"column":21}},"961":{"start":{"line":962,"column":0},"end":{"line":962,"column":22}},"962":{"start":{"line":963,"column":0},"end":{"line":963,"column":20}},"965":{"start":{"line":966,"column":0},"end":{"line":966,"column":72}},"967":{"start":{"line":968,"column":0},"end":{"line":968,"column":52}},"968":{"start":{"line":969,"column":0},"end":{"line":969,"column":58}},"969":{"start":{"line":970,"column":0},"end":{"line":970,"column":60}},"970":{"start":{"line":971,"column":0},"end":{"line":971,"column":26}},"971":{"start":{"line":972,"column":0},"end":{"line":972,"column":67}},"972":{"start":{"line":973,"column":0},"end":{"line":973,"column":74}},"973":{"start":{"line":974,"column":0},"end":{"line":974,"column":74}},"975":{"start":{"line":976,"column":0},"end":{"line":976,"column":27}},"976":{"start":{"line":977,"column":0},"end":{"line":977,"column":35}},"977":{"start":{"line":978,"column":0},"end":{"line":978,"column":34}},"978":{"start":{"line":979,"column":0},"end":{"line":979,"column":39}},"979":{"start":{"line":980,"column":0},"end":{"line":980,"column":35}},"980":{"start":{"line":981,"column":0},"end":{"line":981,"column":36}},"981":{"start":{"line":982,"column":0},"end":{"line":982,"column":41}},"982":{"start":{"line":983,"column":0},"end":{"line":983,"column":48}},"983":{"start":{"line":984,"column":0},"end":{"line":984,"column":38}},"984":{"start":{"line":985,"column":0},"end":{"line":985,"column":80}},"985":{"start":{"line":986,"column":0},"end":{"line":986,"column":70}},"986":{"start":{"line":987,"column":0},"end":{"line":987,"column":36}},"987":{"start":{"line":988,"column":0},"end":{"line":988,"column":44}},"988":{"start":{"line":989,"column":0},"end":{"line":989,"column":58}},"989":{"start":{"line":990,"column":0},"end":{"line":990,"column":61}},"990":{"start":{"line":991,"column":0},"end":{"line":991,"column":41}},"991":{"start":{"line":992,"column":0},"end":{"line":992,"column":54}},"992":{"start":{"line":993,"column":0},"end":{"line":993,"column":77}},"993":{"start":{"line":994,"column":0},"end":{"line":994,"column":32}},"994":{"start":{"line":995,"column":0},"end":{"line":995,"column":77}},"995":{"start":{"line":996,"column":0},"end":{"line":996,"column":36}},"996":{"start":{"line":997,"column":0},"end":{"line":997,"column":34}},"997":{"start":{"line":998,"column":0},"end":{"line":998,"column":27}},"998":{"start":{"line":999,"column":0},"end":{"line":999,"column":28}},"999":{"start":{"line":1000,"column":0},"end":{"line":1000,"column":26}},"1001":{"start":{"line":1002,"column":0},"end":{"line":1002,"column":19}},"1002":{"start":{"line":1003,"column":0},"end":{"line":1003,"column":20}},"1003":{"start":{"line":1004,"column":0},"end":{"line":1004,"column":18}},"1005":{"start":{"line":1006,"column":0},"end":{"line":1006,"column":18}},"1006":{"start":{"line":1007,"column":0},"end":{"line":1007,"column":12}},"1009":{"start":{"line":1010,"column":0},"end":{"line":1010,"column":36}},"1010":{"start":{"line":1011,"column":0},"end":{"line":1011,"column":93}},"1011":{"start":{"line":1012,"column":0},"end":{"line":1012,"column":52}},"1012":{"start":{"line":1013,"column":0},"end":{"line":1013,"column":67}},"1014":{"start":{"line":1015,"column":0},"end":{"line":1015,"column":23}},"1015":{"start":{"line":1016,"column":0},"end":{"line":1016,"column":73}},"1017":{"start":{"line":1018,"column":0},"end":{"line":1018,"column":23}},"1018":{"start":{"line":1019,"column":0},"end":{"line":1019,"column":49}},"1019":{"start":{"line":1020,"column":0},"end":{"line":1020,"column":80}},"1021":{"start":{"line":1022,"column":0},"end":{"line":1022,"column":25}},"1023":{"start":{"line":1024,"column":0},"end":{"line":1024,"column":16}},"1024":{"start":{"line":1025,"column":0},"end":{"line":1025,"column":14}},"1026":{"start":{"line":1027,"column":0},"end":{"line":1027,"column":10}},"1028":{"start":{"line":1029,"column":0},"end":{"line":1029,"column":2}},"1030":{"start":{"line":1031,"column":0},"end":{"line":1031,"column":19}}},"s":{"0":0,"1":0,"8":0,"9":0,"19":0,"63":0,"64":0,"65":0,"66":0,"67":0,"68":0,"69":0,"70":0,"80":0,"82":0,"83":0,"84":0,"85":0,"86":0,"87":0,"88":0,"89":0,"90":0,"91":0,"92":0,"93":0,"99":0,"100":0,"101":0,"102":0,"103":0,"104":0,"105":0,"110":0,"111":0,"113":0,"114":0,"116":0,"117":0,"118":0,"119":0,"121":0,"122":0,"123":0,"124":0,"126":0,"127":0,"128":0,"131":0,"132":0,"133":0,"134":0,"135":0,"136":0,"137":0,"139":0,"140":0,"141":0,"143":0,"144":0,"145":0,"146":0,"147":0,"148":0,"151":0,"152":0,"153":0,"156":0,"157":0,"158":0,"160":0,"161":0,"162":0,"164":0,"165":0,"166":0,"167":0,"169":0,"170":0,"171":0,"172":0,"173":0,"174":0,"176":0,"177":0,"178":0,"179":0,"180":0,"181":0,"182":0,"183":0,"184":0,"185":0,"186":0,"187":0,"188":0,"189":0,"190":0,"191":0,"192":0,"193":0,"194":0,"195":0,"197":0,"198":0,"199":0,"200":0,"201":0,"202":0,"203":0,"206":0,"207":0,"208":0,"209":0,"210":0,"212":0,"213":0,"216":0,"217":0,"219":0,"220":0,"221":0,"222":0,"223":0,"230":0,"233":0,"236":0,"238":0,"239":0,"242":0,"243":0,"244":0,"245":0,"246":0,"248":0,"251":0,"252":0,"254":0,"256":0,"257":0,"258":0,"260":0,"261":0,"262":0,"263":0,"264":0,"265":0,"267":0,"268":0,"270":0,"273":0,"274":0,"275":0,"278":0,"281":0,"282":0,"284":0,"285":0,"286":0,"287":0,"288":0,"289":0,"291":0,"292":0,"294":0,"296":0,"297":0,"298":0,"299":0,"300":0,"301":0,"302":0,"305":0,"306":0,"307":0,"309":0,"310":0,"312":0,"313":0,"314":0,"315":0,"316":0,"323":0,"324":0,"325":0,"326":0,"329":0,"330":0,"331":0,"332":0,"334":0,"335":0,"336":0,"337":0,"339":0,"340":0,"341":0,"342":0,"343":0,"346":0,"347":0,"348":0,"349":0,"350":0,"351":0,"352":0,"353":0,"355":0,"356":0,"357":0,"358":0,"359":0,"360":0,"361":0,"362":0,"363":0,"364":0,"367":0,"368":0,"369":0,"370":0,"372":0,"373":0,"374":0,"375":0,"378":0,"379":0,"380":0,"381":0,"383":0,"384":0,"385":0,"386":0,"389":0,"390":0,"391":0,"392":0,"393":0,"394":0,"395":0,"396":0,"398":0,"399":0,"400":0,"403":0,"404":0,"405":0,"406":0,"408":0,"409":0,"410":0,"413":0,"414":0,"416":0,"417":0,"418":0,"420":0,"422":0,"423":0,"425":0,"426":0,"427":0,"429":0,"430":0,"431":0,"433":0,"435":0,"436":0,"437":0,"438":0,"440":0,"441":0,"442":0,"443":0,"444":0,"445":0,"446":0,"447":0,"448":0,"449":0,"450":0,"451":0,"454":0,"455":0,"456":0,"457":0,"458":0,"459":0,"460":0,"463":0,"464":0,"466":0,"467":0,"468":0,"469":0,"470":0,"471":0,"473":0,"475":0,"476":0,"477":0,"478":0,"481":0,"482":0,"483":0,"484":0,"485":0,"488":0,"489":0,"491":0,"492":0,"493":0,"494":0,"496":0,"499":0,"501":0,"502":0,"503":0,"504":0,"505":0,"506":0,"509":0,"510":0,"511":0,"512":0,"513":0,"515":0,"516":0,"517":0,"519":0,"520":0,"521":0,"522":0,"523":0,"524":0,"525":0,"526":0,"527":0,"528":0,"529":0,"530":0,"531":0,"534":0,"535":0,"537":0,"538":0,"539":0,"540":0,"542":0,"545":0,"547":0,"548":0,"549":0,"550":0,"551":0,"552":0,"555":0,"557":0,"558":0,"559":0,"561":0,"562":0,"563":0,"564":0,"565":0,"566":0,"567":0,"568":0,"569":0,"570":0,"571":0,"572":0,"575":0,"576":0,"578":0,"579":0,"580":0,"581":0,"583":0,"585":0,"586":0,"587":0,"588":0,"590":0,"593":0,"594":0,"595":0,"596":0,"597":0,"599":0,"600":0,"601":0,"603":0,"604":0,"605":0,"606":0,"607":0,"608":0,"609":0,"610":0,"611":0,"612":0,"613":0,"615":0,"616":0,"622":0,"623":0,"624":0,"625":0,"626":0,"627":0,"629":0,"630":0,"631":0,"632":0,"634":0,"635":0,"637":0,"640":0,"641":0,"642":0,"643":0,"644":0,"645":0,"647":0,"649":0,"650":0,"652":0,"653":0,"654":0,"655":0,"656":0,"657":0,"658":0,"659":0,"660":0,"662":0,"663":0,"664":0,"665":0,"666":0,"667":0,"670":0,"672":0,"673":0,"674":0,"675":0,"677":0,"678":0,"680":0,"683":0,"685":0,"686":0,"687":0,"688":0,"689":0,"690":0,"691":0,"692":0,"693":0,"694":0,"695":0,"696":0,"697":0,"699":0,"701":0,"702":0,"703":0,"704":0,"705":0,"706":0,"707":0,"708":0,"709":0,"712":0,"713":0,"714":0,"715":0,"716":0,"717":0,"718":0,"719":0,"720":0,"721":0,"722":0,"723":0,"724":0,"726":0,"728":0,"729":0,"730":0,"731":0,"732":0,"733":0,"734":0,"735":0,"736":0,"737":0,"740":0,"741":0,"743":0,"746":0,"747":0,"748":0,"750":0,"751":0,"752":0,"753":0,"754":0,"755":0,"756":0,"757":0,"758":0,"759":0,"761":0,"763":0,"764":0,"765":0,"766":0,"767":0,"768":0,"769":0,"770":0,"771":0,"772":0,"773":0,"775":0,"778":0,"779":0,"781":0,"782":0,"783":0,"784":0,"786":0,"787":0,"788":0,"789":0,"790":0,"791":0,"792":0,"793":0,"794":0,"795":0,"796":0,"797":0,"798":0,"799":0,"800":0,"801":0,"802":0,"803":0,"804":0,"805":0,"807":0,"808":0,"809":0,"810":0,"811":0,"812":0,"813":0,"814":0,"815":0,"816":0,"817":0,"818":0,"820":0,"821":0,"822":0,"823":0,"824":0,"825":0,"827":0,"828":0,"829":0,"830":0,"831":0,"832":0,"833":0,"834":0,"836":0,"837":0,"838":0,"840":0,"841":0,"844":0,"845":0,"847":0,"848":0,"849":0,"850":0,"851":0,"853":0,"854":0,"856":0,"857":0,"858":0,"859":0,"860":0,"862":0,"863":0,"865":0,"866":0,"867":0,"868":0,"869":0,"870":0,"871":0,"872":0,"873":0,"874":0,"877":0,"878":0,"879":0,"880":0,"882":0,"883":0,"884":0,"885":0,"886":0,"888":0,"889":0,"890":0,"891":0,"892":0,"894":0,"895":0,"896":0,"897":0,"898":0,"899":0,"900":0,"901":0,"902":0,"904":0,"905":0,"908":0,"909":0,"911":0,"913":0,"914":0,"916":0,"917":0,"919":0,"921":0,"924":0,"925":0,"926":0,"927":0,"928":0,"929":0,"932":0,"933":0,"935":0,"936":0,"938":0,"939":0,"940":0,"941":0,"942":0,"943":0,"944":0,"945":0,"946":0,"947":0,"948":0,"949":0,"950":0,"951":0,"952":0,"953":0,"954":0,"955":0,"956":0,"957":0,"958":0,"959":0,"960":0,"961":0,"962":0,"965":0,"967":0,"968":0,"969":0,"970":0,"971":0,"972":0,"973":0,"975":0,"976":0,"977":0,"978":0,"979":0,"980":0,"981":0,"982":0,"983":0,"984":0,"985":0,"986":0,"987":0,"988":0,"989":0,"990":0,"991":0,"992":0,"993":0,"994":0,"995":0,"996":0,"997":0,"998":0,"999":0,"1001":0,"1002":0,"1003":0,"1005":0,"1006":0,"1009":0,"1010":0,"1011":0,"1012":0,"1014":0,"1015":0,"1017":0,"1018":0,"1019":0,"1021":0,"1023":0,"1024":0,"1026":0,"1028":0,"1030":0},"branchMap":{"0":{"type":"branch","line":1,"loc":{"start":{"line":1,"column":0},"end":{"line":1031,"column":-7781}},"locations":[{"start":{"line":1,"column":0},"end":{"line":1031,"column":-7781}}]}},"b":{"0":[0]},"fnMap":{"0":{"name":"(empty-report)","decl":{"start":{"line":1,"column":0},"end":{"line":1031,"column":-7781}},"loc":{"start":{"line":1,"column":0},"end":{"line":1031,"column":-7781}},"line":1}},"f":{"0":0}}
,"/Users/leaperchermeier/Sites/figma-hub/packages/db-icon-exporter/ui/src/App-refactored.tsx": {"path":"/Users/leaperchermeier/Sites/figma-hub/packages/db-icon-exporter/ui/src/App-refactored.tsx","all":true,"statementMap":{"0":{"start":{"line":1,"column":0},"end":{"line":1,"column":21}},"1":{"start":{"line":2,"column":0},"end":{"line":2,"column":44}},"2":{"start":{"line":3,"column":0},"end":{"line":3,"column":55}},"5":{"start":{"line":6,"column":0},"end":{"line":6,"column":61}},"6":{"start":{"line":7,"column":0},"end":{"line":7,"column":55}},"7":{"start":{"line":8,"column":0},"end":{"line":8,"column":69}},"8":{"start":{"line":9,"column":0},"end":{"line":9,"column":59}},"9":{"start":{"line":10,"column":0},"end":{"line":10,"column":67}},"21":{"start":{"line":22,"column":0},"end":{"line":22,"column":70}},"22":{"start":{"line":23,"column":0},"end":{"line":23,"column":52}},"27":{"start":{"line":28,"column":0},"end":{"line":28,"column":19}},"29":{"start":{"line":30,"column":0},"end":{"line":30,"column":54}},"30":{"start":{"line":31,"column":0},"end":{"line":31,"column":55}},"31":{"start":{"line":32,"column":0},"end":{"line":32,"column":67}},"32":{"start":{"line":33,"column":0},"end":{"line":33,"column":51}},"33":{"start":{"line":34,"column":0},"end":{"line":34,"column":73}},"34":{"start":{"line":35,"column":0},"end":{"line":35,"column":77}},"35":{"start":{"line":36,"column":0},"end":{"line":36,"column":65}},"36":{"start":{"line":37,"column":0},"end":{"line":37,"column":63}},"37":{"start":{"line":38,"column":0},"end":{"line":38,"column":51}},"38":{"start":{"line":39,"column":0},"end":{"line":39,"column":80}},"39":{"start":{"line":40,"column":0},"end":{"line":40,"column":47}},"40":{"start":{"line":41,"column":0},"end":{"line":41,"column":45}},"41":{"start":{"line":42,"column":0},"end":{"line":42,"column":60}},"42":{"start":{"line":43,"column":0},"end":{"line":43,"column":15}},"43":{"start":{"line":44,"column":0},"end":{"line":44,"column":27}},"44":{"start":{"line":45,"column":0},"end":{"line":45,"column":22}},"45":{"start":{"line":46,"column":0},"end":{"line":46,"column":21}},"46":{"start":{"line":47,"column":0},"end":{"line":47,"column":17}},"47":{"start":{"line":48,"column":0},"end":{"line":48,"column":5}},"52":{"start":{"line":53,"column":0},"end":{"line":53,"column":19}},"53":{"start":{"line":54,"column":0},"end":{"line":54,"column":52}},"55":{"start":{"line":56,"column":0},"end":{"line":56,"column":52}},"56":{"start":{"line":57,"column":0},"end":{"line":57,"column":43}},"58":{"start":{"line":59,"column":0},"end":{"line":59,"column":17}},"59":{"start":{"line":60,"column":0},"end":{"line":60,"column":66}},"60":{"start":{"line":61,"column":0},"end":{"line":61,"column":15}},"61":{"start":{"line":62,"column":0},"end":{"line":62,"column":7}},"63":{"start":{"line":64,"column":0},"end":{"line":64,"column":39}},"64":{"start":{"line":65,"column":0},"end":{"line":65,"column":20}},"65":{"start":{"line":66,"column":0},"end":{"line":66,"column":98}},"66":{"start":{"line":67,"column":0},"end":{"line":67,"column":10}},"68":{"start":{"line":69,"column":0},"end":{"line":69,"column":28}},"69":{"start":{"line":70,"column":0},"end":{"line":70,"column":34}},"70":{"start":{"line":71,"column":0},"end":{"line":71,"column":28}},"73":{"start":{"line":74,"column":0},"end":{"line":74,"column":54}},"74":{"start":{"line":75,"column":0},"end":{"line":75,"column":48}},"75":{"start":{"line":76,"column":0},"end":{"line":76,"column":26}},"76":{"start":{"line":77,"column":0},"end":{"line":77,"column":26}},"77":{"start":{"line":78,"column":0},"end":{"line":78,"column":54}},"78":{"start":{"line":79,"column":0},"end":{"line":79,"column":12}},"79":{"start":{"line":80,"column":0},"end":{"line":80,"column":11}},"81":{"start":{"line":82,"column":0},"end":{"line":82,"column":67}},"82":{"start":{"line":83,"column":0},"end":{"line":83,"column":47}},"83":{"start":{"line":84,"column":0},"end":{"line":84,"column":10}},"85":{"start":{"line":86,"column":0},"end":{"line":86,"column":78}},"86":{"start":{"line":87,"column":0},"end":{"line":87,"column":36}},"87":{"start":{"line":88,"column":0},"end":{"line":88,"column":59}},"88":{"start":{"line":89,"column":0},"end":{"line":89,"column":20}},"89":{"start":{"line":90,"column":0},"end":{"line":90,"column":76}},"90":{"start":{"line":91,"column":0},"end":{"line":91,"column":10}},"93":{"start":{"line":94,"column":0},"end":{"line":94,"column":56}},"94":{"start":{"line":95,"column":0},"end":{"line":95,"column":48}},"95":{"start":{"line":96,"column":0},"end":{"line":96,"column":71}},"96":{"start":{"line":97,"column":0},"end":{"line":97,"column":41}},"97":{"start":{"line":98,"column":0},"end":{"line":98,"column":42}},"98":{"start":{"line":99,"column":0},"end":{"line":99,"column":11}},"99":{"start":{"line":100,"column":0},"end":{"line":100,"column":11}},"101":{"start":{"line":102,"column":0},"end":{"line":102,"column":57}},"102":{"start":{"line":103,"column":0},"end":{"line":103,"column":30}},"103":{"start":{"line":104,"column":0},"end":{"line":104,"column":26}},"104":{"start":{"line":105,"column":0},"end":{"line":105,"column":15}},"105":{"start":{"line":106,"column":0},"end":{"line":106,"column":44}},"106":{"start":{"line":107,"column":0},"end":{"line":107,"column":12}},"108":{"start":{"line":109,"column":0},"end":{"line":109,"column":40}},"109":{"start":{"line":110,"column":0},"end":{"line":110,"column":70}},"110":{"start":{"line":111,"column":0},"end":{"line":111,"column":40}},"111":{"start":{"line":112,"column":0},"end":{"line":112,"column":69}},"112":{"start":{"line":113,"column":0},"end":{"line":113,"column":28}},"113":{"start":{"line":114,"column":0},"end":{"line":114,"column":47}},"114":{"start":{"line":115,"column":0},"end":{"line":115,"column":64}},"115":{"start":{"line":116,"column":0},"end":{"line":116,"column":27}},"116":{"start":{"line":117,"column":0},"end":{"line":117,"column":52}},"117":{"start":{"line":118,"column":0},"end":{"line":118,"column":76}},"119":{"start":{"line":120,"column":0},"end":{"line":120,"column":23}},"120":{"start":{"line":121,"column":0},"end":{"line":121,"column":25}},"121":{"start":{"line":122,"column":0},"end":{"line":122,"column":53}},"122":{"start":{"line":123,"column":0},"end":{"line":123,"column":43}},"123":{"start":{"line":124,"column":0},"end":{"line":124,"column":41}},"124":{"start":{"line":125,"column":0},"end":{"line":125,"column":33}},"125":{"start":{"line":126,"column":0},"end":{"line":126,"column":11}},"127":{"start":{"line":128,"column":0},"end":{"line":128,"column":35}},"128":{"start":{"line":129,"column":0},"end":{"line":129,"column":69}},"129":{"start":{"line":130,"column":0},"end":{"line":130,"column":7}},"130":{"start":{"line":131,"column":0},"end":{"line":131,"column":6}},"132":{"start":{"line":133,"column":0},"end":{"line":133,"column":54}},"133":{"start":{"line":134,"column":0},"end":{"line":134,"column":59}},"136":{"start":{"line":137,"column":0},"end":{"line":137,"column":69}},"137":{"start":{"line":138,"column":0},"end":{"line":138,"column":49}},"139":{"start":{"line":140,"column":0},"end":{"line":140,"column":18}},"140":{"start":{"line":141,"column":0},"end":{"line":141,"column":59}},"141":{"start":{"line":142,"column":0},"end":{"line":142,"column":59}},"142":{"start":{"line":143,"column":0},"end":{"line":143,"column":6}},"143":{"start":{"line":144,"column":0},"end":{"line":144,"column":9}},"150":{"start":{"line":151,"column":0},"end":{"line":151,"column":56}},"151":{"start":{"line":152,"column":0},"end":{"line":152,"column":63}},"152":{"start":{"line":153,"column":0},"end":{"line":153,"column":45}},"153":{"start":{"line":154,"column":0},"end":{"line":154,"column":20}},"154":{"start":{"line":155,"column":0},"end":{"line":155,"column":4}},"157":{"start":{"line":158,"column":0},"end":{"line":158,"column":63}},"158":{"start":{"line":159,"column":0},"end":{"line":159,"column":46}},"159":{"start":{"line":160,"column":0},"end":{"line":160,"column":72}},"160":{"start":{"line":161,"column":0},"end":{"line":161,"column":12}},"161":{"start":{"line":162,"column":0},"end":{"line":162,"column":77}},"163":{"start":{"line":164,"column":0},"end":{"line":164,"column":4}},"166":{"start":{"line":167,"column":0},"end":{"line":167,"column":55}},"167":{"start":{"line":168,"column":0},"end":{"line":168,"column":48}},"169":{"start":{"line":170,"column":0},"end":{"line":170,"column":29}},"170":{"start":{"line":171,"column":0},"end":{"line":171,"column":44}},"171":{"start":{"line":172,"column":0},"end":{"line":172,"column":15}},"172":{"start":{"line":173,"column":0},"end":{"line":173,"column":7}},"174":{"start":{"line":175,"column":0},"end":{"line":175,"column":48}},"175":{"start":{"line":176,"column":0},"end":{"line":176,"column":31}},"176":{"start":{"line":177,"column":0},"end":{"line":177,"column":30}},"177":{"start":{"line":178,"column":0},"end":{"line":178,"column":7}},"178":{"start":{"line":179,"column":0},"end":{"line":179,"column":36}},"179":{"start":{"line":180,"column":0},"end":{"line":180,"column":7}},"181":{"start":{"line":182,"column":0},"end":{"line":182,"column":16}},"182":{"start":{"line":183,"column":0},"end":{"line":183,"column":4}},"184":{"start":{"line":185,"column":0},"end":{"line":185,"column":33}},"187":{"start":{"line":188,"column":0},"end":{"line":188,"column":59}},"188":{"start":{"line":189,"column":0},"end":{"line":189,"column":80}},"189":{"start":{"line":190,"column":0},"end":{"line":190,"column":4}},"192":{"start":{"line":193,"column":0},"end":{"line":193,"column":48}},"195":{"start":{"line":196,"column":0},"end":{"line":196,"column":8}},"196":{"start":{"line":197,"column":0},"end":{"line":197,"column":52}},"198":{"start":{"line":199,"column":0},"end":{"line":199,"column":42}},"199":{"start":{"line":200,"column":0},"end":{"line":200,"column":47}},"200":{"start":{"line":201,"column":0},"end":{"line":201,"column":55}},"201":{"start":{"line":202,"column":0},"end":{"line":202,"column":18}},"202":{"start":{"line":203,"column":0},"end":{"line":203,"column":58}},"203":{"start":{"line":204,"column":0},"end":{"line":204,"column":65}},"205":{"start":{"line":206,"column":0},"end":{"line":206,"column":10}},"206":{"start":{"line":207,"column":0},"end":{"line":207,"column":17}},"208":{"start":{"line":209,"column":0},"end":{"line":209,"column":66}},"210":{"start":{"line":211,"column":0},"end":{"line":211,"column":48}},"211":{"start":{"line":212,"column":0},"end":{"line":212,"column":41}},"212":{"start":{"line":213,"column":0},"end":{"line":213,"column":38}},"213":{"start":{"line":214,"column":0},"end":{"line":214,"column":37}},"214":{"start":{"line":215,"column":0},"end":{"line":215,"column":7}},"215":{"start":{"line":216,"column":0},"end":{"line":216,"column":55}},"216":{"start":{"line":217,"column":0},"end":{"line":217,"column":7}},"219":{"start":{"line":220,"column":0},"end":{"line":220,"column":34}},"220":{"start":{"line":221,"column":0},"end":{"line":221,"column":52}},"221":{"start":{"line":222,"column":0},"end":{"line":222,"column":7}},"223":{"start":{"line":224,"column":0},"end":{"line":224,"column":22}},"224":{"start":{"line":225,"column":0},"end":{"line":225,"column":4}},"226":{"start":{"line":227,"column":0},"end":{"line":227,"column":61}},"227":{"start":{"line":228,"column":0},"end":{"line":228,"column":75}},"228":{"start":{"line":229,"column":0},"end":{"line":229,"column":37}},"229":{"start":{"line":230,"column":0},"end":{"line":230,"column":6}},"230":{"start":{"line":231,"column":0},"end":{"line":231,"column":4}},"237":{"start":{"line":238,"column":0},"end":{"line":238,"column":30}},"238":{"start":{"line":239,"column":0},"end":{"line":239,"column":54}},"239":{"start":{"line":240,"column":0},"end":{"line":240,"column":29}},"240":{"start":{"line":241,"column":0},"end":{"line":241,"column":4}},"243":{"start":{"line":244,"column":0},"end":{"line":244,"column":50}},"244":{"start":{"line":245,"column":0},"end":{"line":245,"column":28}},"246":{"start":{"line":247,"column":0},"end":{"line":247,"column":34}},"247":{"start":{"line":248,"column":0},"end":{"line":248,"column":48}},"248":{"start":{"line":249,"column":0},"end":{"line":249,"column":32}},"249":{"start":{"line":250,"column":0},"end":{"line":250,"column":48}},"250":{"start":{"line":251,"column":0},"end":{"line":251,"column":14}},"251":{"start":{"line":252,"column":0},"end":{"line":252,"column":28}},"252":{"start":{"line":253,"column":0},"end":{"line":253,"column":7}},"253":{"start":{"line":254,"column":0},"end":{"line":254,"column":12}},"254":{"start":{"line":255,"column":0},"end":{"line":255,"column":26}},"255":{"start":{"line":256,"column":0},"end":{"line":256,"column":5}},"256":{"start":{"line":257,"column":0},"end":{"line":257,"column":4}},"259":{"start":{"line":260,"column":0},"end":{"line":260,"column":66}},"260":{"start":{"line":261,"column":0},"end":{"line":261,"column":16}},"261":{"start":{"line":262,"column":0},"end":{"line":262,"column":79}},"262":{"start":{"line":263,"column":0},"end":{"line":263,"column":6}},"264":{"start":{"line":265,"column":0},"end":{"line":265,"column":32}},"265":{"start":{"line":266,"column":0},"end":{"line":266,"column":35}},"266":{"start":{"line":267,"column":0},"end":{"line":267,"column":57}},"267":{"start":{"line":268,"column":0},"end":{"line":268,"column":8}},"269":{"start":{"line":270,"column":0},"end":{"line":270,"column":23}},"270":{"start":{"line":271,"column":0},"end":{"line":271,"column":41}},"271":{"start":{"line":272,"column":0},"end":{"line":272,"column":59}},"272":{"start":{"line":273,"column":0},"end":{"line":273,"column":10}},"273":{"start":{"line":274,"column":0},"end":{"line":274,"column":79}},"275":{"start":{"line":276,"column":0},"end":{"line":276,"column":44}},"276":{"start":{"line":277,"column":0},"end":{"line":277,"column":28}},"277":{"start":{"line":278,"column":0},"end":{"line":278,"column":14}},"278":{"start":{"line":279,"column":0},"end":{"line":279,"column":44}},"279":{"start":{"line":280,"column":0},"end":{"line":280,"column":30}},"280":{"start":{"line":281,"column":0},"end":{"line":281,"column":18}},"281":{"start":{"line":282,"column":0},"end":{"line":282,"column":74}},"282":{"start":{"line":283,"column":0},"end":{"line":283,"column":10}},"283":{"start":{"line":284,"column":0},"end":{"line":284,"column":20}},"284":{"start":{"line":285,"column":0},"end":{"line":285,"column":72}},"285":{"start":{"line":286,"column":0},"end":{"line":286,"column":10}},"287":{"start":{"line":288,"column":0},"end":{"line":288,"column":44}},"288":{"start":{"line":289,"column":0},"end":{"line":289,"column":28}},"289":{"start":{"line":290,"column":0},"end":{"line":290,"column":7}},"290":{"start":{"line":291,"column":0},"end":{"line":291,"column":7}},"291":{"start":{"line":292,"column":0},"end":{"line":292,"column":4}},"294":{"start":{"line":295,"column":0},"end":{"line":295,"column":64}},"295":{"start":{"line":296,"column":0},"end":{"line":296,"column":31}},"296":{"start":{"line":297,"column":0},"end":{"line":297,"column":44}},"297":{"start":{"line":298,"column":0},"end":{"line":298,"column":50}},"298":{"start":{"line":299,"column":0},"end":{"line":299,"column":8}},"299":{"start":{"line":300,"column":0},"end":{"line":300,"column":69}},"300":{"start":{"line":301,"column":0},"end":{"line":301,"column":12}},"301":{"start":{"line":302,"column":0},"end":{"line":302,"column":33}},"302":{"start":{"line":303,"column":0},"end":{"line":303,"column":5}},"303":{"start":{"line":304,"column":0},"end":{"line":304,"column":4}},"306":{"start":{"line":307,"column":0},"end":{"line":307,"column":73}},"307":{"start":{"line":308,"column":0},"end":{"line":308,"column":16}},"308":{"start":{"line":309,"column":0},"end":{"line":309,"column":70}},"309":{"start":{"line":310,"column":0},"end":{"line":310,"column":6}},"311":{"start":{"line":312,"column":0},"end":{"line":312,"column":32}},"312":{"start":{"line":313,"column":0},"end":{"line":313,"column":38}},"313":{"start":{"line":314,"column":0},"end":{"line":314,"column":55}},"314":{"start":{"line":315,"column":0},"end":{"line":315,"column":8}},"316":{"start":{"line":317,"column":0},"end":{"line":317,"column":37}},"317":{"start":{"line":318,"column":0},"end":{"line":318,"column":21}},"318":{"start":{"line":319,"column":0},"end":{"line":319,"column":7}},"319":{"start":{"line":320,"column":0},"end":{"line":320,"column":4}},"322":{"start":{"line":323,"column":0},"end":{"line":323,"column":60}},"323":{"start":{"line":324,"column":0},"end":{"line":324,"column":16}},"324":{"start":{"line":325,"column":0},"end":{"line":325,"column":84}},"325":{"start":{"line":326,"column":0},"end":{"line":326,"column":6}},"327":{"start":{"line":328,"column":0},"end":{"line":328,"column":31}},"328":{"start":{"line":329,"column":0},"end":{"line":329,"column":70}},"329":{"start":{"line":330,"column":0},"end":{"line":330,"column":4}},"332":{"start":{"line":333,"column":0},"end":{"line":333,"column":52}},"333":{"start":{"line":334,"column":0},"end":{"line":334,"column":66}},"335":{"start":{"line":336,"column":0},"end":{"line":336,"column":67}},"336":{"start":{"line":337,"column":0},"end":{"line":337,"column":57}},"337":{"start":{"line":338,"column":0},"end":{"line":338,"column":6}},"339":{"start":{"line":340,"column":0},"end":{"line":340,"column":73}},"341":{"start":{"line":342,"column":0},"end":{"line":342,"column":29}},"342":{"start":{"line":343,"column":0},"end":{"line":343,"column":78}},"344":{"start":{"line":345,"column":0},"end":{"line":345,"column":32}},"345":{"start":{"line":346,"column":0},"end":{"line":346,"column":63}},"346":{"start":{"line":347,"column":0},"end":{"line":347,"column":8}},"348":{"start":{"line":349,"column":0},"end":{"line":349,"column":78}},"349":{"start":{"line":350,"column":0},"end":{"line":350,"column":12}},"350":{"start":{"line":351,"column":0},"end":{"line":351,"column":74}},"352":{"start":{"line":353,"column":0},"end":{"line":353,"column":63}},"354":{"start":{"line":355,"column":0},"end":{"line":355,"column":54}},"355":{"start":{"line":356,"column":0},"end":{"line":356,"column":53}},"356":{"start":{"line":357,"column":0},"end":{"line":357,"column":59}},"357":{"start":{"line":358,"column":0},"end":{"line":358,"column":10}},"359":{"start":{"line":360,"column":0},"end":{"line":360,"column":33}},"360":{"start":{"line":361,"column":0},"end":{"line":361,"column":38}},"361":{"start":{"line":362,"column":0},"end":{"line":362,"column":20}},"362":{"start":{"line":363,"column":0},"end":{"line":363,"column":13}},"363":{"start":{"line":364,"column":0},"end":{"line":364,"column":29}},"364":{"start":{"line":365,"column":0},"end":{"line":365,"column":48}},"365":{"start":{"line":366,"column":0},"end":{"line":366,"column":14}},"366":{"start":{"line":367,"column":0},"end":{"line":367,"column":13}},"367":{"start":{"line":368,"column":0},"end":{"line":368,"column":9}},"368":{"start":{"line":369,"column":0},"end":{"line":369,"column":9}},"369":{"start":{"line":370,"column":0},"end":{"line":370,"column":5}},"370":{"start":{"line":371,"column":0},"end":{"line":371,"column":4}},"373":{"start":{"line":374,"column":0},"end":{"line":374,"column":38}},"374":{"start":{"line":375,"column":0},"end":{"line":375,"column":59}},"375":{"start":{"line":376,"column":0},"end":{"line":376,"column":23}},"376":{"start":{"line":377,"column":0},"end":{"line":377,"column":61}},"377":{"start":{"line":378,"column":0},"end":{"line":378,"column":10}},"378":{"start":{"line":379,"column":0},"end":{"line":379,"column":6}},"379":{"start":{"line":380,"column":0},"end":{"line":380,"column":4}},"382":{"start":{"line":383,"column":0},"end":{"line":383,"column":35}},"383":{"start":{"line":384,"column":0},"end":{"line":384,"column":72}},"385":{"start":{"line":386,"column":0},"end":{"line":386,"column":71}},"386":{"start":{"line":387,"column":0},"end":{"line":387,"column":24}},"387":{"start":{"line":388,"column":0},"end":{"line":388,"column":23}},"388":{"start":{"line":389,"column":0},"end":{"line":389,"column":42}},"389":{"start":{"line":390,"column":0},"end":{"line":390,"column":9}},"390":{"start":{"line":391,"column":0},"end":{"line":391,"column":6}},"392":{"start":{"line":393,"column":0},"end":{"line":393,"column":30}},"394":{"start":{"line":395,"column":0},"end":{"line":395,"column":59}},"395":{"start":{"line":396,"column":0},"end":{"line":396,"column":44}},"396":{"start":{"line":397,"column":0},"end":{"line":397,"column":78}},"397":{"start":{"line":398,"column":0},"end":{"line":398,"column":4}},"400":{"start":{"line":401,"column":0},"end":{"line":401,"column":32}},"401":{"start":{"line":402,"column":0},"end":{"line":402,"column":48}},"402":{"start":{"line":403,"column":0},"end":{"line":403,"column":25}},"403":{"start":{"line":404,"column":0},"end":{"line":404,"column":30}},"404":{"start":{"line":405,"column":0},"end":{"line":405,"column":4}},"407":{"start":{"line":408,"column":0},"end":{"line":408,"column":34}},"408":{"start":{"line":409,"column":0},"end":{"line":409,"column":53}},"410":{"start":{"line":411,"column":0},"end":{"line":411,"column":37}},"411":{"start":{"line":412,"column":0},"end":{"line":412,"column":57}},"412":{"start":{"line":413,"column":0},"end":{"line":413,"column":13}},"413":{"start":{"line":414,"column":0},"end":{"line":414,"column":5}},"416":{"start":{"line":417,"column":0},"end":{"line":417,"column":42}},"417":{"start":{"line":418,"column":0},"end":{"line":418,"column":56}},"418":{"start":{"line":419,"column":0},"end":{"line":419,"column":32}},"419":{"start":{"line":420,"column":0},"end":{"line":420,"column":32}},"420":{"start":{"line":421,"column":0},"end":{"line":421,"column":15}},"421":{"start":{"line":422,"column":0},"end":{"line":422,"column":7}},"422":{"start":{"line":423,"column"
[...]
":30,"column":81}},"30":{"start":{"line":31,"column":0},"end":{"line":31,"column":6}},"31":{"start":{"line":32,"column":0},"end":{"line":32,"column":3}},"33":{"start":{"line":34,"column":0},"end":{"line":34,"column":27}},"34":{"start":{"line":35,"column":0},"end":{"line":35,"column":1}},"39":{"start":{"line":40,"column":0},"end":{"line":40,"column":58}},"40":{"start":{"line":41,"column":0},"end":{"line":41,"column":33}},"41":{"start":{"line":42,"column":0},"end":{"line":42,"column":66}},"42":{"start":{"line":43,"column":0},"end":{"line":43,"column":1}},"47":{"start":{"line":48,"column":0},"end":{"line":48,"column":57}},"50":{"start":{"line":51,"column":0},"end":{"line":51,"column":3}},"52":{"start":{"line":53,"column":0},"end":{"line":53,"column":66}},"54":{"start":{"line":55,"column":0},"end":{"line":55,"column":10}},"55":{"start":{"line":56,"column":0},"end":{"line":56,"column":62}},"56":{"start":{"line":57,"column":0},"end":{"line":57,"column":14}},"57":{"start":{"line":58,"column":0},"end":{"line":58,"column":4}},"58":{"start":{"line":59,"column":0},"end":{"line":59,"column":1}}},"s":{"6":1,"9":15,"10":15,"11":2,"12":2,"14":13,"17":13,"18":2,"19":11,"22":15,"23":15,"25":15,"26":5,"27":5,"28":5,"29":5,"30":5,"31":5,"33":8,"34":8,"39":1,"40":6,"41":6,"42":6,"47":1,"50":6,"52":6,"54":6,"55":6,"56":6,"57":6,"58":6},"branchMap":{"0":{"type":"branch","line":7,"loc":{"start":{"line":7,"column":7},"end":{"line":35,"column":1}},"locations":[{"start":{"line":7,"column":7},"end":{"line":35,"column":1}}]},"1":{"type":"branch","line":11,"loc":{"start":{"line":11,"column":7},"end":{"line":11,"column":47}},"locations":[{"start":{"line":11,"column":7},"end":{"line":11,"column":47}}]},"2":{"type":"branch","line":11,"loc":{"start":{"line":11,"column":47},"end":{"line":13,"column":3}},"locations":[{"start":{"line":11,"column":47},"end":{"line":13,"column":3}}]},"3":{"type":"branch","line":13,"loc":{"start":{"line":13,"column":2},"end":{"line":18,"column":49}},"locations":[{"start":{"line":13,"column":2},"end":{"line":18,"column":49}}]},"4":{"type":"branch","line":18,"loc":{"start":{"line":18,"column":48},"end":{"line":19,"column":26}},"locations":[{"start":{"line":18,"column":48},"end":{"line":19,"column":26}}]},"5":{"type":"branch","line":19,"loc":{"start":{"line":19,"column":25},"end":{"line":20,"column":14}},"locations":[{"start":{"line":19,"column":25},"end":{"line":20,"column":14}}]},"6":{"type":"branch","line":26,"loc":{"start":{"line":26,"column":42},"end":{"line":32,"column":3}},"locations":[{"start":{"line":26,"column":42},"end":{"line":32,"column":3}}]},"7":{"type":"branch","line":32,"loc":{"start":{"line":32,"column":2},"end":{"line":35,"column":1}},"locations":[{"start":{"line":32,"column":2},"end":{"line":35,"column":1}}]},"8":{"type":"branch","line":40,"loc":{"start":{"line":40,"column":7},"end":{"line":43,"column":1}},"locations":[{"start":{"line":40,"column":7},"end":{"line":43,"column":1}}]},"9":{"type":"branch","line":42,"loc":{"start":{"line":42,"column":31},"end":{"line":42,"column":58}},"locations":[{"start":{"line":42,"column":31},"end":{"line":42,"column":58}}]},"10":{"type":"branch","line":42,"loc":{"start":{"line":42,"column":54},"end":{"line":42,"column":66}},"locations":[{"start":{"line":42,"column":54},"end":{"line":42,"column":66}}]},"11":{"type":"branch","line":48,"loc":{"start":{"line":48,"column":7},"end":{"line":59,"column":1}},"locations":[{"start":{"line":48,"column":7},"end":{"line":59,"column":1}}]}},"b":{"0":[15],"1":[14],"2":[2],"3":[13],"4":[2],"5":[11],"6":[5],"7":[8],"8":[6],"9":[3],"10":[3],"11":[6]},"fnMap":{"0":{"name":"validateVersion","decl":{"start":{"line":7,"column":7},"end":{"line":35,"column":1}},"loc":{"start":{"line":7,"column":7},"end":{"line":35,"column":1}},"line":7},"1":{"name":"sanitizeVersion","decl":{"start":{"line":40,"column":7},"end":{"line":43,"column":1}},"loc":{"start":{"line":40,"column":7},"end":{"line":43,"column":1}},"line":40},"2":{"name":"validateSearchTerm","decl":{"start":{"line":48,"column":7},"end":{"line":59,"column":1}},"loc":{"start":{"line":48,"column":7},"end":{"line":59,"column":1}},"line":48}},"f":{"0":15,"1":6,"2":6}}
,"/Users/leaperchermeier/Sites/figma-hub/packages/db-icon-exporter/ui/src/utils/__tests__/clipboard.test.ts": {"path":"/Users/leaperchermeier/Sites/figma-hub/packages/db-icon-exporter/ui/src/utils/__tests__/clipboard.test.ts","all":false,"statementMap":{"0":{"start":{"line":1,"column":0},"end":{"line":1,"column":62}},"1":{"start":{"line":2,"column":0},"end":{"line":2,"column":76}},"3":{"start":{"line":4,"column":0},"end":{"line":4,"column":39}},"4":{"start":{"line":5,"column":0},"end":{"line":5,"column":20}},"5":{"start":{"line":6,"column":0},"end":{"line":6,"column":23}},"6":{"start":{"line":7,"column":0},"end":{"line":7,"column":5}},"8":{"start":{"line":9,"column":0},"end":{"line":9,"column":37}},"9":{"start":{"line":10,"column":0},"end":{"line":10,"column":88}},"11":{"start":{"line":12,"column":0},"end":{"line":12,"column":48}},"12":{"start":{"line":13,"column":0},"end":{"line":13,"column":45}},"14":{"start":{"line":15,"column":0},"end":{"line":15,"column":67}},"16":{"start":{"line":17,"column":0},"end":{"line":17,"column":32}},"17":{"start":{"line":18,"column":0},"end":{"line":18,"column":59}},"18":{"start":{"line":19,"column":0},"end":{"line":19,"column":7}},"20":{"start":{"line":21,"column":0},"end":{"line":21,"column":59}},"21":{"start":{"line":22,"column":0},"end":{"line":22,"column":49}},"22":{"start":{"line":23,"column":0},"end":{"line":23,"column":45}},"24":{"start":{"line":25,"column":0},"end":{"line":25,"column":67}},"26":{"start":{"line":27,"column":0},"end":{"line":27,"column":33}},"27":{"start":{"line":28,"column":0},"end":{"line":28,"column":7}},"28":{"start":{"line":29,"column":0},"end":{"line":29,"column":5}},"30":{"start":{"line":31,"column":0},"end":{"line":31,"column":49}},"31":{"start":{"line":32,"column":0},"end":{"line":32,"column":68}},"32":{"start":{"line":33,"column":0},"end":{"line":33,"column":79}},"33":{"start":{"line":34,"column":0},"end":{"line":34,"column":48}},"34":{"start":{"line":35,"column":0},"end":{"line":35,"column":45}},"36":{"start":{"line":37,"column":0},"end":{"line":37,"column":64}},"38":{"start":{"line":39,"column":0},"end":{"line":39,"column":45}},"39":{"start":{"line":40,"column":0},"end":{"line":40,"column":45}},"40":{"start":{"line":41,"column":0},"end":{"line":41,"column":8}},"41":{"start":{"line":42,"column":0},"end":{"line":42,"column":30}},"42":{"start":{"line":43,"column":0},"end":{"line":43,"column":7}},"44":{"start":{"line":45,"column":0},"end":{"line":45,"column":62}},"45":{"start":{"line":46,"column":0},"end":{"line":46,"column":79}},"46":{"start":{"line":47,"column":0},"end":{"line":47,"column":49}},"47":{"start":{"line":48,"column":0},"end":{"line":48,"column":45}},"49":{"start":{"line":50,"column":0},"end":{"line":50,"column":64}},"51":{"start":{"line":52,"column":0},"end":{"line":52,"column":45}},"52":{"start":{"line":53,"column":0},"end":{"line":53,"column":52}},"53":{"start":{"line":54,"column":0},"end":{"line":54,"column":8}},"54":{"start":{"line":55,"column":0},"end":{"line":55,"column":30}},"55":{"start":{"line":56,"column":0},"end":{"line":56,"column":7}},"56":{"start":{"line":57,"column":0},"end":{"line":57,"column":5}},"57":{"start":{"line":58,"column":0},"end":{"line":58,"column":3}}},"s":{"0":1,"1":1,"3":1,"4":1,"5":4,"6":1,"8":1,"9":1,"11":1,"12":1,"14":1,"16":1,"17":1,"18":1,"20":1,"21":1,"22":1,"24":1,"26":1,"27":1,"28":1,"30":1,"31":1,"32":1,"33":1,"34":1,"36":1,"38":1,"39":1,"40":1,"41":1,"42":1,"44":1,"45":1,"46":1,"47":1,"49":1,"51":1,"52":1,"53":1,"54":1,"55":1,"56":1,"57":1},"branchMap":{"0":{"type":"branch","line":4,"loc":{"start":{"line":4,"column":32},"end":{"line":58,"column":3}},"locations":[{"start":{"line":4,"column":32},"end":{"line":58,"column":3}}]},"1":{"type":"branch","line":5,"loc":{"start":{"line":5,"column":13},"end":{"line":7,"column":3}},"locations":[{"start":{"line":5,"column":13},"end":{"line":7,"column":3}}]},"2":{"type":"branch","line":9,"loc":{"start":{"line":9,"column":30},"end":{"line":29,"column":3}},"locations":[{"start":{"line":9,"column":30},"end":{"line":29,"column":3}}]},"3":{"type":"branch","line":10,"loc":{"start":{"line":10,"column":75},"end":{"line":19,"column":5}},"locations":[{"start":{"line":10,"column":75},"end":{"line":19,"column":5}}]},"4":{"type":"branch","line":12,"loc":{"start":{"line":12,"column":36},"end":{"line":12,"column":46}},"locations":[{"start":{"line":12,"column":36},"end":{"line":12,"column":46}}]},"5":{"type":"branch","line":21,"loc":{"start":{"line":21,"column":46},"end":{"line":28,"column":5}},"locations":[{"start":{"line":21,"column":46},"end":{"line":28,"column":5}}]},"6":{"type":"branch","line":22,"loc":{"start":{"line":22,"column":36},"end":{"line":22,"column":47}},"locations":[{"start":{"line":22,"column":36},"end":{"line":22,"column":47}}]},"7":{"type":"branch","line":31,"loc":{"start":{"line":31,"column":42},"end":{"line":57,"column":3}},"locations":[{"start":{"line":31,"column":42},"end":{"line":57,"column":3}}]},"8":{"type":"branch","line":32,"loc":{"start":{"line":32,"column":55},"end":{"line":43,"column":5}},"locations":[{"start":{"line":32,"column":55},"end":{"line":43,"column":5}}]},"9":{"type":"branch","line":33,"loc":{"start":{"line":33,"column":69},"end":{"line":33,"column":77}},"locations":[{"start":{"line":33,"column":69},"end":{"line":33,"column":77}}]},"10":{"type":"branch","line":34,"loc":{"start":{"line":34,"column":36},"end":{"line":34,"column":46}},"locations":[{"start":{"line":34,"column":36},"end":{"line":34,"column":46}}]},"11":{"type":"branch","line":45,"loc":{"start":{"line":45,"column":49},"end":{"line":56,"column":5}},"locations":[{"start":{"line":45,"column":49},"end":{"line":56,"column":5}}]},"12":{"type":"branch","line":46,"loc":{"start":{"line":46,"column":69},"end":{"line":46,"column":77}},"locations":[{"start":{"line":46,"column":69},"end":{"line":46,"column":77}}]},"13":{"type":"branch","line":47,"loc":{"start":{"line":47,"column":36},"end":{"line":47,"column":47}},"locations":[{"start":{"line":47,"column":36},"end":{"line":47,"column":47}}]}},"b":{"0":[1],"1":[4],"2":[1],"3":[1],"4":[1],"5":[1],"6":[1],"7":[1],"8":[1],"9":[1],"10":[1],"11":[1],"12":[1],"13":[1]},"fnMap":{},"f":{}}
,"/Users/leaperchermeier/Sites/figma-hub/packages/db-icon-exporter/ui/src/utils/__tests__/validation.test.ts": {"path":"/Users/leaperchermeier/Sites/figma-hub/packages/db-icon-exporter/ui/src/utils/__tests__/validation.test.ts","all":false,"statementMap":{"0":{"start":{"line":1,"column":0},"end":{"line":1,"column":46}},"5":{"start":{"line":6,"column":0},"end":{"line":6,"column":23}},"7":{"start":{"line":8,"column":0},"end":{"line":8,"column":40}},"8":{"start":{"line":9,"column":0},"end":{"line":9,"column":37}},"9":{"start":{"line":10,"column":0},"end":{"line":10,"column":55}},"10":{"start":{"line":11,"column":0},"end":{"line":11,"column":58}},"11":{"start":{"line":12,"column":0},"end":{"line":12,"column":58}},"12":{"start":{"line":13,"column":0},"end":{"line":13,"column":61}},"13":{"start":{"line":14,"column":0},"end":{"line":14,"column":7}},"15":{"start":{"line":16,"column":0},"end":{"line":16,"column":55}},"16":{"start":{"line":17,"column":0},"end":{"line":17,"column":59}},"17":{"start":{"line":18,"column":0},"end":{"line":18,"column":59}},"18":{"start":{"line":19,"column":0},"end":{"line":19,"column":7}},"20":{"start":{"line":21,"column":0},"end":{"line":21,"column":62}},"21":{"start":{"line":22,"column":0},"end":{"line":22,"column":63}},"22":{"start":{"line":23,"column":0},"end":{"line":23,"column":63}},"23":{"start":{"line":24,"column":0},"end":{"line":24,"column":66}},"24":{"start":{"line":25,"column":0},"end":{"line":25,"column":7}},"26":{"start":{"line":27,"column":0},"end":{"line":27,"column":54}},"27":{"start":{"line":28,"column":0},"end":{"line":28,"column":53}},"28":{"start":{"line":29,"column":0},"end":{"line":29,"column":56}},"29":{"start":{"line":30,"column":0},"end":{"line":30,"column":7}},"31":{"start":{"line":32,"column":0},"end":{"line":32,"column":55}},"32":{"start":{"line":33,"column":0},"end":{"line":33,"column":57}},"33":{"start":{"line":34,"column":0},"end":{"line":34,"column":55}},"34":{"start":{"line":35,"column":0},"end":{"line":35,"column":57}},"35":{"start":{"line":36,"column":0},"end":{"line":36,"column":61}},"36":{"start":{"line":37,"column":0},"end":{"line":37,"column":7}},"38":{"start":{"line":39,"column":0},"end":{"line":39,"column":67}},"39":{"start":{"line":40,"column":0},"end":{"line":40,"column":48}},"40":{"start":{"line":41,"column":0},"end":{"line":41,"column":41}},"41":{"start":{"line":42,"column":0},"end":{"line":42,"column":41}},"42":{"start":{"line":43,"column":0},"end":{"line":43,"column":7}},"43":{"start":{"line":44,"column":0},"end":{"line":44,"column":5}},"45":{"start":{"line":46,"column":0},"end":{"line":46,"column":37}},"46":{"start":{"line":47,"column":0},"end":{"line":47,"column":41}},"47":{"start":{"line":48,"column":0},"end":{"line":48,"column":54}},"48":{"start":{"line":49,"column":0},"end":{"line":49,"column":54}},"49":{"start":{"line":50,"column":0},"end":{"line":50,"column":7}},"51":{"start":{"line":52,"column":0},"end":{"line":52,"column":40}},"52":{"start":{"line":53,"column":0},"end":{"line":53,"column":57}},"53":{"start":{"line":54,"column":0},"end":{"line":54,"column":58}},"54":{"start":{"line":55,"column":0},"end":{"line":55,"column":7}},"56":{"start":{"line":57,"column":0},"end":{"line":57,"column":60}},"57":{"start":{"line":58,"column":0},"end":{"line":58,"column":53}},"58":{"start":{"line":59,"column":0},"end":{"line":59,"column":63}},"59":{"start":{"line":60,"column":0},"end":{"line":60,"column":7}},"60":{"start":{"line":61,"column":0},"end":{"line":61,"column":5}},"62":{"start":{"line":63,"column":0},"end":{"line":63,"column":40}},"63":{"start":{"line":64,"column":0},"end":{"line":64,"column":50}},"64":{"start":{"line":65,"column":0},"end":{"line":65,"column":53}},"65":{"start":{"line":66,"column":0},"end":{"line":66,"column":40}},"66":{"start":{"line":67,"column":0},"end":{"line":67,"column":49}},"67":{"start":{"line":68,"column":0},"end":{"line":68,"column":7}},"69":{"start":{"line":70,"column":0},"end":{"line":70,"column":66}},"70":{"start":{"line":71,"column":0},"end":{"line":71,"column":54}},"71":{"start":{"line":72,"column":0},"end":{"line":72,"column":48}},"72":{"start":{"line":73,"column":0},"end":{"line":73,"column":7}},"74":{"start":{"line":75,"column":0},"end":{"line":75,"column":40}},"75":{"start":{"line":76,"column":0},"end":{"line":76,"column":57}},"76":{"start":{"line":77,"column":0},"end":{"line":77,"column":49}},"77":{"start":{"line":78,"column":0},"end":{"line":78,"column":7}},"79":{"start":{"line":80,"column":0},"end":{"line":80,"column":66}},"80":{"start":{"line":81,"column":0},"end":{"line":81,"column":64}},"81":{"start":{"line":82,"column":0},"end":{"line":82,"column":60}},"82":{"start":{"line":83,"column":0},"end":{"line":83,"column":7}},"84":{"start":{"line":85,"column":0},"end":{"line":85,"column":64}},"85":{"start":{"line":86,"column":0},"end":{"line":86,"column":39}},"86":{"start":{"line":87,"column":0},"end":{"line":87,"column":50}},"87":{"start":{"line":88,"column":0},"end":{"line":88,"column":41}},"88":{"start":{"line":89,"column":0},"end":{"line":89,"column":7}},"90":{"start":{"line":91,"column":0},"end":{"line":91,"column":65}},"91":{"start":{"line":92,"column":0},"end":{"line":92,"column":38}},"92":{"start":{"line":93,"column":0},"end":{"line":93,"column":49}},"93":{"start":{"line":94,"column":0},"end":{"line":94,"column":40}},"94":{"start":{"line":95,"column":0},"end":{"line":95,"column":7}},"95":{"start":{"line":96,"column":0},"end":{"line":96,"column":5}},"96":{"start":{"line":97,"column":0},"end":{"line":97,"column":3}}},"s":{"0":1,"5":1,"7":1,"8":1,"9":1,"10":1,"11":1,"12":1,"13":1,"15":1,"16":1,"17":1,"18":1,"20":1,"21":1,"22":1,"23":1,"24":1,"26":1,"27":1,"28":1,"29":1,"31":1,"32":1,"33":1,"34":1,"35":1,"36":1,"38":1,"39":1,"40":1,"41":1,"42":1,"43":1,"45":1,"46":1,"47":1,"48":1,"49":1,"51":1,"52":1,"53":1,"54":1,"56":1,"57":1,"58":1,"59":1,"60":1,"62":1,"63":1,"64":1,"65":1,"66":1,"67":1,"69":1,"70":1,"71":1,"72":1,"74":1,"75":1,"76":1,"77":1,"79":1,"80":1,"81":1,"82":1,"84":1,"85":1,"86":1,"87":1,"88":1,"90":1,"91":1,"92":1,"93":1,"94":1,"95":1,"96":1},"branchMap":{"0":{"type":"branch","line":8,"loc":{"start":{"line":8,"column":33},"end":{"line":97,"column":3}},"locations":[{"start":{"line":8,"column":33},"end":{"line":97,"column":3}}]},"1":{"type":"branch","line":9,"loc":{"start":{"line":9,"column":30},"end":{"line":44,"column":3}},"locations":[{"start":{"line":9,"column":30},"end":{"line":44,"column":3}}]},"2":{"type":"branch","line":10,"loc":{"start":{"line":10,"column":48},"end":{"line":14,"column":5}},"locations":[{"start":{"line":10,"column":48},"end":{"line":14,"column":5}}]},"3":{"type":"branch","line":16,"loc":{"start":{"line":16,"column":48},"end":{"line":19,"column":5}},"locations":[{"start":{"line":16,"column":48},"end":{"line":19,"column":5}}]},"4":{"type":"branch","line":21,"loc":{"start":{"line":21,"column":55},"end":{"line":25,"column":5}},"locations":[{"start":{"line":21,"column":55},"end":{"line":25,"column":5}}]},"5":{"type":"branch","line":27,"loc":{"start":{"line":27,"column":47},"end":{"line":30,"column":5}},"locations":[{"start":{"line":27,"column":47},"end":{"line":30,"column":5}}]},"6":{"type":"branch","line":32,"loc":{"start":{"line":32,"column":48},"end":{"line":37,"column":5}},"locations":[{"start":{"line":32,"column":48},"end":{"line":37,"column":5}}]},"7":{"type":"branch","line":39,"loc":{"start":{"line":39,"column":60},"end":{"line":43,"column":5}},"locations":[{"start":{"line":39,"column":60},"end":{"line":43,"column":5}}]},"8":{"type":"branch","line":46,"loc":{"start":{"line":46,"column":30},"end":{"line":61,"column":3}},"locations":[{"start":{"line":46,"column":30},"end":{"line":61,"column":3}}]},"9":{"type":"branch","line":47,"loc":{"start":{"line":47,"column":34},"end":{"line":50,"column":5}},"locations":[{"start":{"line":47,"column":34},"end":{"line":50,"column":5}}]},"10":{"type":"branch","line":52,"loc":{"start":{"line":52,"column":33},"end":{"line":55,"column":5}},"locations":[{"start":{"line":52,"column":33},"end":{"line":55,"column":5}}]},"11":{"type":"branch","line":57,"loc":{"start":{"line":57,"column":53},"end":{"line":60,"column":5}},"locations":[{"start":{"line":57,"column":53},"end":{"line":60,"column":5}}]},"12":{"type":"branch","line":63,"loc":{"start":{"line":63,"column":33},"end":{"line":96,"column":3}},"locations":[{"start":{"line":63,"column":33},"end":{"line":96,"column":3}}]},"13":{"type":"branch","line":64,"loc":{"start":{"line":64,"column":43},"end":{"line":68,"column":5}},"locations":[{"start":{"line":64,"column":43},"end":{"line":68,"column":5}}]},"14":{"type":"branch","line":70,"loc":{"start":{"line":70,"column":59},"end":{"line":73,"column":5}},"locations":[{"start":{"line":70,"column":59},"end":{"line":73,"column":5}}]},"15":{"type":"branch","line":75,"loc":{"start":{"line":75,"column":33},"end":{"line":78,"column":5}},"locations":[{"start":{"line":75,"column":33},"end":{"line":78,"column":5}}]},"16":{"type":"branch","line":80,"loc":{"start":{"line":80,"column":59},"end":{"line":83,"column":5}},"locations":[{"start":{"line":80,"column":59},"end":{"line":83,"column":5}}]},"17":{"type":"branch","line":85,"loc":{"start":{"line":85,"column":57},"end":{"line":89,"column":5}},"locations":[{"start":{"line":85,"column":57},"end":{"line":89,"column":5}}]},"18":{"type":"branch","line":91,"loc":{"start":{"line":91,"column":58},"end":{"line":95,"column":5}},"locations":[{"start":{"line":91,"column":58},"end":{"line":95,"column":5}}]}},"b":{"0":[1],"1":[1],"2":[1],"3":[1],"4":[1],"5":[1],"6":[1],"7":[1],"8":[1],"9":[1],"10":[1],"11":[1],"12":[1],"13":[1],"14":[1],"15":[1],"16":[1],"17":[1],"18":[1]},"fnMap":{},"f":{}}
}
